#
# There is insufficient memory for the Java Runtime Environment to continue.
# Native memory allocation (malloc) failed to allocate 646576 bytes for Chunk::new
# Possible reasons:
#   The system is out of physical RAM or swap space
#   The process is running with CompressedOops enabled, and the Java Heap may be blocking the growth of the native heap
# Possible solutions:
#   Reduce memory load on the system
#   Increase physical memory or swap space
#   Check if swap backing store is full
#   Decrease Java heap size (-Xmx/-Xms)
#   Decrease number of Java threads
#   Decrease Java thread stack sizes (-Xss)
#   Set larger code cache with -XX:ReservedCodeCacheSize=
#   JVM is running with Zero Based Compressed Oops mode in which the Java heap is
#     placed in the first 32GB address space. The Java Heap base address is the
#     maximum limit for the native heap growth. Please use -XX:HeapBaseMinAddress
#     to set the Java Heap base and to place the Java Heap above 32GB virtual address.
# This output file may be truncated or incomplete.
#
#  Out of Memory Error (arena.cpp:184), pid=9936, tid=8964
#
# JRE version: Java(TM) SE Runtime Environment (19.0.2+7) (build 19.0.2+7-44)
# Java VM: Java HotSpot(TM) 64-Bit Server VM (19.0.2+7-44, mixed mode, sharing, tiered, compressed oops, compressed class ptrs, g1 gc, windows-amd64)
# No core dump will be written. Minidumps are not enabled by default on client versions of Windows
#

---------------  S U M M A R Y ------------

Command Line: -javaagent:D:\Same Program\Idea java\IntelliJ IDEA Community Edition 2022.3.2\lib\idea_rt.jar=55889:D:\Same Program\Idea java\IntelliJ IDEA Community Edition 2022.3.2\bin -Dfile.encoding=UTF-8 -Dsun.stdout.encoding=UTF-8 -Dsun.stderr.encoding=UTF-8 shop.Main

Host: 11th Gen Intel(R) Core(TM) i7-11800H @ 2.30GHz, 16 cores, 15G,  Windows 10 , 64 bit Build 19041 (10.0.19041.2546)
Time: Wed Mar 15 17:18:19 2023  Windows 10 , 64 bit Build 19041 (10.0.19041.2546) elapsed time: 183.998487 seconds (0d 0h 3m 3s)

---------------  T H R E A D  ---------------

Current thread (0x000001fe8cd5f540):  JavaThread "C2 CompilerThread0" daemon [_thread_in_native, id=8964, stack(0x000000aab4a00000,0x000000aab4b00000)]


Current CompileTask:
C2: 183998 12616       4       org.springframework.core.SerializableTypeWrapper::forTypeProvider (178 bytes)

Stack: [0x000000aab4a00000,0x000000aab4b00000]
Native frames: (J=compiled Java code, j=interpreted, Vv=VM code, C=native code)
V  [jvm.dll+0x6ee21a]
V  [jvm.dll+0x85765e]
V  [jvm.dll+0x85904e]
V  [jvm.dll+0x859703]
V  [jvm.dll+0x28298f]
V  [jvm.dll+0xc9adf]
V  [jvm.dll+0xc9e65]
V  [jvm.dll+0x3bca12]
V  [jvm.dll+0x3860e1]
V  [jvm.dll+0x38555a]
V  [jvm.dll+0x24c3d9]
V  [jvm.dll+0x24b781]
V  [jvm.dll+0x1d6ce1]
V  [jvm.dll+0x25b25a]
V  [jvm.dll+0x2596e8]
V  [jvm.dll+0x807588]
V  [jvm.dll+0x80125a]
V  [jvm.dll+0x6ecf0b]
C  [ucrtbase.dll+0x21bb2]
C  [KERNEL32.DLL+0x17614]
C  [ntdll.dll+0x526a1]


---------------  P R O C E S S  ---------------

Threads class SMR info:
_java_thread_list=0x000001fe97eeb970, length=31, elements={
0x000001fe8cd4ed90, 0x000001fe8cd4fb80, 0x000001fe8cd559e0, 0x000001fe8cd574c0,
0x000001fe8cd5a0e0, 0x000001fe8cd5abb0, 0x000001fe8cd5f540, 0x000001fe8cd60190,
0x000001fe8cd74880, 0x000001fe910e5d90, 0x000001fe91477510, 0x000001fe9145b070,
0x000001fe94625810, 0x000001fe946262b0, 0x000001fe94626800, 0x000001fe94626d50,
0x000001fe946272a0, 0x000001fe946277f0, 0x000001fe94625d60, 0x000001fe94628290,
0x000001fe946287e0, 0x000001fe94628d30, 0x000001fe9664d9e0, 0x000001fe96650460,
0x000001fe9664f9c0, 0x000001fe9664bf50, 0x000001fe96651450, 0x000001fe9664c4a0,
0x000001fe9664ff10, 0x000001fe966519a0, 0x000001fe9664af60
}

Java Threads: ( => current thread )
  0x000001fe8cd4ed90 JavaThread "Reference Handler" daemon [_thread_blocked, id=22260, stack(0x000000aab4400000,0x000000aab4500000)]
  0x000001fe8cd4fb80 JavaThread "Finalizer" daemon [_thread_blocked, id=15668, stack(0x000000aab4500000,0x000000aab4600000)]
  0x000001fe8cd559e0 JavaThread "Signal Dispatcher" daemon [_thread_blocked, id=22764, stack(0x000000aab4600000,0x000000aab4700000)]
  0x000001fe8cd574c0 JavaThread "Attach Listener" daemon [_thread_blocked, id=8968, stack(0x000000aab4700000,0x000000aab4800000)]
  0x000001fe8cd5a0e0 JavaThread "Service Thread" daemon [_thread_blocked, id=6360, stack(0x000000aab4800000,0x000000aab4900000)]
  0x000001fe8cd5abb0 JavaThread "Monitor Deflation Thread" daemon [_thread_blocked, id=7740, stack(0x000000aab4900000,0x000000aab4a00000)]
=>0x000001fe8cd5f540 JavaThread "C2 CompilerThread0" daemon [_thread_in_native, id=8964, stack(0x000000aab4a00000,0x000000aab4b00000)]
  0x000001fe8cd60190 JavaThread "C1 CompilerThread0" daemon [_thread_blocked, id=22192, stack(0x000000aab4b00000,0x000000aab4c00000)]
  0x000001fe8cd74880 JavaThread "Sweeper thread" daemon [_thread_blocked, id=10728, stack(0x000000aab4c00000,0x000000aab4d00000)]
  0x000001fe910e5d90 JavaThread "Common-Cleaner" daemon [_thread_blocked, id=20768, stack(0x000000aab4d00000,0x000000aab4e00000)]
  0x000001fe91477510 JavaThread "Monitor Ctrl-Break" daemon [_thread_in_native, id=12708, stack(0x000000aab5000000,0x000000aab5100000)]
  0x000001fe9145b070 JavaThread "Notification Thread" daemon [_thread_blocked, id=21492, stack(0x000000aab5100000,0x000000aab5200000)]
  0x000001fe94625810 JavaThread "Catalina-utility-1" [_thread_blocked, id=21620, stack(0x000000aab6700000,0x000000aab6800000)]
  0x000001fe946262b0 JavaThread "Catalina-utility-2" [_thread_blocked, id=6788, stack(0x000000aab6800000,0x000000aab6900000)]
  0x000001fe94626800 JavaThread "container-0" [_thread_blocked, id=15600, stack(0x000000aab6900000,0x000000aab6a00000)]
  0x000001fe94626d50 JavaThread "HikariPool-1 housekeeper" daemon [_thread_blocked, id=13240, stack(0x000000aab6b00000,0x000000aab6c00000)]
  0x000001fe946272a0 JavaThread "http-nio-8081-exec-1" daemon [_thread_blocked, id=11168, stack(0x000000aab6d00000,0x000000aab6e00000)]
  0x000001fe946277f0 JavaThread "http-nio-8081-exec-2" daemon [_thread_blocked, id=21320, stack(0x000000aab6e00000,0x000000aab6f00000)]
  0x000001fe94625d60 JavaThread "http-nio-8081-exec-3" daemon [_thread_blocked, id=7808, stack(0x000000aab6f00000,0x000000aab7000000)]
  0x000001fe94628290 JavaThread "http-nio-8081-exec-4" daemon [_thread_blocked, id=10432, stack(0x000000aab7000000,0x000000aab7100000)]
  0x000001fe946287e0 JavaThread "http-nio-8081-exec-5" daemon [_thread_blocked, id=3104, stack(0x000000aab7100000,0x000000aab7200000)]
  0x000001fe94628d30 JavaThread "http-nio-8081-exec-6" daemon [_thread_blocked, id=9688, stack(0x000000aab7200000,0x000000aab7300000)]
  0x000001fe9664d9e0 JavaThread "http-nio-8081-exec-7" daemon [_thread_blocked, id=22248, stack(0x000000aab7300000,0x000000aab7400000)]
  0x000001fe96650460 JavaThread "http-nio-8081-exec-8" daemon [_thread_blocked, id=14964, stack(0x000000aab7400000,0x000000aab7500000)]
  0x000001fe9664f9c0 JavaThread "http-nio-8081-exec-9" daemon [_thread_blocked, id=21712, stack(0x000000aab7500000,0x000000aab7600000)]
  0x000001fe9664bf50 JavaThread "http-nio-8081-exec-10" daemon [_thread_blocked, id=19680, stack(0x000000aab7600000,0x000000aab7700000)]
  0x000001fe96651450 JavaThread "http-nio-8081-Poller" daemon [_thread_in_native, id=13100, stack(0x000000aab7700000,0x000000aab7800000)]
  0x000001fe9664c4a0 JavaThread "http-nio-8081-Acceptor" daemon [_thread_in_native, id=22512, stack(0x000000aab7800000,0x000000aab7900000)]
  0x000001fe9664ff10 JavaThread "DestroyJavaVM" [_thread_blocked, id=11620, stack(0x000000aab3d00000,0x000000aab3e00000)]
  0x000001fe966519a0 JavaThread "ForkJoinPool.commonPool-worker-1" daemon [_thread_blocked, id=1164, stack(0x000000aab5300000,0x000000aab5400000)]
  0x000001fe9664af60 JavaThread "HikariPool-1 connection adder" daemon [_thread_blocked, id=9504, stack(0x000000aab3c00000,0x000000aab3d00000)]

Other Threads:
  0x000001fe8cd34060 VMThread "VM Thread" [stack: 0x000000aab4300000,0x000000aab4400000] [id=18668]
  0x000001fe9145ca40 WatcherThread "VM Periodic Task Thread" [stack: 0x000000aab5200000,0x000000aab5300000] [id=14208]
  0x000001fee8fceab0 WorkerThread "GC Thread#0" [stack: 0x000000aab3e00000,0x000000aab3f00000] [id=17528]
  0x000001fe918f37d0 WorkerThread "GC Thread#1" [stack: 0x000000aab5500000,0x000000aab5600000] [id=17592]
  0x000001fe918f3aa0 WorkerThread "GC Thread#2" [stack: 0x000000aab5600000,0x000000aab5700000] [id=14892]
  0x000001fe918f3d70 WorkerThread "GC Thread#3" [stack: 0x000000aab5700000,0x000000aab5800000] [id=8796]
  0x000001fe918f4310 WorkerThread "GC Thread#4" [stack: 0x000000aab5800000,0x000000aab5900000] [id=21872]
  0x000001fe918f3230 WorkerThread "GC Thread#5" [stack: 0x000000aab5900000,0x000000aab5a00000] [id=2208]
  0x000001fe918f45e0 WorkerThread "GC Thread#6" [stack: 0x000000aab5b00000,0x000000aab5c00000] [id=19876]
  0x000001fe918f3500 WorkerThread "GC Thread#7" [stack: 0x000000aab5c00000,0x000000aab5d00000] [id=19448]
  0x000001fe923ef040 WorkerThread "GC Thread#8" [stack: 0x000000aab5f00000,0x000000aab6000000] [id=12704]
  0x000001fe923edc90 WorkerThread "GC Thread#9" [stack: 0x000000aab6000000,0x000000aab6100000] [id=1312]
  0x000001fe923ee500 WorkerThread "GC Thread#10" [stack: 0x000000aab6100000,0x000000aab6200000] [id=9180]
  0x000001fe923efe50 WorkerThread "GC Thread#11" [stack: 0x000000aab6200000,0x000000aab6300000] [id=22880]
  0x000001fe923ec8e0 WorkerThread "GC Thread#12" [stack: 0x000000aab6300000,0x000000aab6400000] [id=10748]
  0x000001fee8fdf700 ConcurrentGCThread "G1 Main Marker" [stack: 0x000000aab3f00000,0x000000aab4000000] [id=9920]
  0x000001fee8fe08d0 WorkerThread "G1 Conc#0" [stack: 0x000000aab4000000,0x000000aab4100000] [id=12924]
  0x000001fe923ec610 WorkerThread "G1 Conc#1" [stack: 0x000000aab6400000,0x000000aab6500000] [id=10208]
  0x000001fe923ecbb0 WorkerThread "G1 Conc#2" [stack: 0x000000aab6500000,0x000000aab6600000] [id=4116]
  0x000001fe8cbe9770 ConcurrentGCThread "G1 Refine#0" [stack: 0x000000aab4100000,0x000000aab4200000] [id=18448]
  0x000001fe8cbeb0d0 ConcurrentGCThread "G1 Service" [stack: 0x000000aab4200000,0x000000aab4300000] [id=15168]

Threads with active compile tasks:
C2 CompilerThread0   184016 12616       4       org.springframework.core.SerializableTypeWrapper::forTypeProvider (178 bytes)

VM state: not at safepoint (normal execution)

VM Mutex/Monitor currently owned by a thread: None

Heap address: 0x0000000704a00000, size: 4022 MB, Compressed Oops mode: Zero based, Oop shift amount: 3

CDS archive(s) mapped at: [0x0000000800000000-0x0000000800c40000-0x0000000800c40000), size 12845056, SharedBaseAddress: 0x0000000800000000, ArchiveRelocationMode: 0.
Compressed class space mapped at: 0x0000000801000000-0x0000000841000000, reserved size: 1073741824
Narrow klass base: 0x0000000800000000, Narrow klass shift: 0, Narrow klass range: 0x100000000

GC Precious Log:
 CardTable entry size: 512
 Card Set container configuration: InlinePtr #cards 4 size 8 Array Of Cards #cards 16 size 48 Howl #buckets 8 coarsen threshold 3686 Howl Bitmap #cards 512 size 80 coarsen threshold 460 Card regions per heap region 1 cards per card region 4096
 CPUs: 16 total, 16 available
 Memory: 16085M
 Large Page Support: Disabled
 NUMA Support: Disabled
 Compressed Oops: Enabled (Zero based)
 Heap Region Size: 2M
 Heap Min Capacity: 8M
 Heap Initial Capacity: 252M
 Heap Max Capacity: 4022M
 Pre-touch: Disabled
 Parallel Workers: 13
 Concurrent Workers: 3
 Concurrent Refinement Workers: 13
 Periodic GC: Disabled

Heap:
 garbage-first heap   total 251904K, used 168383K [0x0000000704a00000, 0x0000000800000000)
  region size 2048K, 3 young (6144K), 1 survivors (2048K)
 Metaspace       used 72029K, committed 72832K, reserved 1114112K
  class space    used 8948K, committed 9344K, reserved 1048576K

Heap Regions: E=young(eden), S=young(survivor), O=old, HS=humongous(starts), HC=humongous(continues), CS=collection set, F=free, OA=open archive, CA=closed archive, TAMS=top-at-mark-start (previous, next)
|   0|0x0000000704a00000, 0x0000000704c00000, 0x0000000704c00000|100%| O|  |TAMS 0x0000000704c00000, 0x0000000704a00000| Untracked 
|   1|0x0000000704c00000, 0x0000000704e00000, 0x0000000704e00000|100%| O|  |TAMS 0x0000000704c00000, 0x0000000704c00000| Untracked 
|   2|0x0000000704e00000, 0x0000000705000000, 0x0000000705000000|100%| O|  |TAMS 0x0000000705000000, 0x0000000704e00000| Untracked 
|   3|0x0000000705000000, 0x0000000705000000, 0x0000000705200000|  0%| F|  |TAMS 0x0000000705000000, 0x0000000705000000| Untracked 
|   4|0x0000000705200000, 0x0000000705400000, 0x0000000705400000|100%| O|  |TAMS 0x0000000705400000, 0x0000000705200000| Untracked 
|   5|0x0000000705400000, 0x0000000705600000, 0x0000000705600000|100%| O|  |TAMS 0x0000000705600000, 0x0000000705400000| Untracked 
|   6|0x0000000705600000, 0x0000000705800000, 0x0000000705800000|100%| O|  |TAMS 0x0000000705800000, 0x0000000705600000| Untracked 
|   7|0x0000000705800000, 0x0000000705a00000, 0x0000000705a00000|100%| O|  |TAMS 0x0000000705a00000, 0x0000000705800000| Untracked 
|   8|0x0000000705a00000, 0x0000000705c00000, 0x0000000705c00000|100%| O|  |TAMS 0x0000000705c00000, 0x0000000705a00000| Untracked 
|   9|0x0000000705c00000, 0x0000000705e00000, 0x0000000705e00000|100%| O|  |TAMS 0x0000000705e00000, 0x0000000705c00000| Untracked 
|  10|0x0000000705e00000, 0x0000000706000000, 0x0000000706000000|100%| O|  |TAMS 0x0000000706000000, 0x0000000705e00000| Untracked 
|  11|0x0000000706000000, 0x0000000706200000, 0x0000000706200000|100%| O|  |TAMS 0x0000000706200000, 0x0000000706000000| Untracked 
|  12|0x0000000706200000, 0x0000000706400000, 0x0000000706400000|100%| O|  |TAMS 0x0000000706400000, 0x0000000706200000| Untracked 
|  13|0x0000000706400000, 0x0000000706600000, 0x0000000706600000|100%| O|  |TAMS 0x000000070658e400, 0x0000000706400000| Untracked 
|  14|0x0000000706600000, 0x0000000706800000, 0x0000000706800000|100%| O|  |TAMS 0x0000000706600000, 0x0000000706600000| Untracked 
|  15|0x0000000706800000, 0x000000070696fe00, 0x0000000706a00000| 71%| O|  |TAMS 0x0000000706800000, 0x0000000706800000| Untracked 
|  16|0x0000000706a00000, 0x0000000706a00000, 0x0000000706c00000|  0%| F|  |TAMS 0x0000000706a00000, 0x0000000706a00000| Untracked 
|  17|0x0000000706c00000, 0x0000000706c00000, 0x0000000706e00000|  0%| F|  |TAMS 0x0000000706c00000, 0x0000000706c00000| Untracked 
|  18|0x0000000706e00000, 0x0000000706e00000, 0x0000000707000000|  0%| F|  |TAMS 0x0000000706e00000, 0x0000000706e00000| Untracked 
|  19|0x0000000707000000, 0x0000000707000000, 0x0000000707200000|  0%| F|  |TAMS 0x0000000707000000, 0x0000000707000000| Untracked 
|  20|0x0000000707200000, 0x0000000707200000, 0x0000000707400000|  0%| F|  |TAMS 0x0000000707200000, 0x0000000707200000| Untracked 
|  21|0x0000000707400000, 0x0000000707400000, 0x0000000707600000|  0%| F|  |TAMS 0x0000000707400000, 0x0000000707400000| Untracked 
|  22|0x0000000707600000, 0x0000000707600000, 0x0000000707800000|  0%| F|  |TAMS 0x0000000707600000, 0x0000000707600000| Untracked 
|  23|0x0000000707800000, 0x0000000707800000, 0x0000000707a00000|  0%| F|  |TAMS 0x0000000707800000, 0x0000000707800000| Untracked 
|  24|0x0000000707a00000, 0x0000000707c00000, 0x0000000707c00000|100%|HS|  |TAMS 0x0000000707c00000, 0x0000000707a00000| Complete 
|  25|0x0000000707c00000, 0x0000000707e00000, 0x0000000707e00000|100%|HC|  |TAMS 0x0000000707e00000, 0x0000000707c00000| Complete 
|  26|0x0000000707e00000, 0x0000000708000000, 0x0000000708000000|100%|HC|  |TAMS 0x0000000708000000, 0x0000000707e00000| Complete 
|  27|0x0000000708000000, 0x0000000708200000, 0x0000000708200000|100%|HC|  |TAMS 0x0000000708200000, 0x0000000708000000| Complete 
|  28|0x0000000708200000, 0x0000000708400000, 0x0000000708400000|100%|HC|  |TAMS 0x0000000708400000, 0x0000000708200000| Complete 
|  29|0x0000000708400000, 0x0000000708600000, 0x0000000708600000|100%|HC|  |TAMS 0x0000000708600000, 0x0000000708400000| Complete 
|  30|0x0000000708600000, 0x0000000708800000, 0x0000000708800000|100%|HC|  |TAMS 0x0000000708800000, 0x0000000708600000| Complete 
|  31|0x0000000708800000, 0x0000000708a00000, 0x0000000708a00000|100%|HC|  |TAMS 0x0000000708a00000, 0x0000000708800000| Complete 
|  32|0x0000000708a00000, 0x0000000708c00000, 0x0000000708c00000|100%|HC|  |TAMS 0x0000000708c00000, 0x0000000708a00000| Complete 
|  33|0x0000000708c00000, 0x0000000708e00000, 0x0000000708e00000|100%|HC|  |TAMS 0x0000000708e00000, 0x0000000708c00000| Complete 
|  34|0x0000000708e00000, 0x0000000709000000, 0x0000000709000000|100%|HC|  |TAMS 0x0000000709000000, 0x0000000708e00000| Complete 
|  35|0x0000000709000000, 0x0000000709200000, 0x0000000709200000|100%|HS|  |TAMS 0x0000000709200000, 0x0000000709000000| Complete 
|  36|0x0000000709200000, 0x0000000709400000, 0x0000000709400000|100%|HC|  |TAMS 0x0000000709400000, 0x0000000709200000| Complete 
|  37|0x0000000709400000, 0x0000000709600000, 0x0000000709600000|100%|HC|  |TAMS 0x0000000709600000, 0x0000000709400000| Complete 
|  38|0x0000000709600000, 0x0000000709800000, 0x0000000709800000|100%|HC|  |TAMS 0x0000000709800000, 0x0000000709600000| Complete 
|  39|0x0000000709800000, 0x0000000709a00000, 0x0000000709a00000|100%|HC|  |TAMS 0x0000000709a00000, 0x0000000709800000| Complete 
|  40|0x0000000709a00000, 0x0000000709c00000, 0x0000000709c00000|100%|HC|  |TAMS 0x0000000709c00000, 0x0000000709a00000| Complete 
|  41|0x0000000709c00000, 0x0000000709e00000, 0x0000000709e00000|100%|HC|  |TAMS 0x0000000709e00000, 0x0000000709c00000| Complete 
|  42|0x0000000709e00000, 0x000000070a000000, 0x000000070a000000|100%|HC|  |TAMS 0x000000070a000000, 0x0000000709e00000| Complete 
|  43|0x000000070a000000, 0x000000070a200000, 0x000000070a200000|100%|HC|  |TAMS 0x000000070a200000, 0x000000070a000000| Complete 
|  44|0x000000070a200000, 0x000000070a400000, 0x000000070a400000|100%|HC|  |TAMS 0x000000070a400000, 0x000000070a200000| Complete 
|  45|0x000000070a400000, 0x000000070a600000, 0x000000070a600000|100%|HC|  |TAMS 0x000000070a600000, 0x000000070a400000| Complete 
|  46|0x000000070a600000, 0x000000070a800000, 0x000000070a800000|100%|HS|  |TAMS 0x000000070a600000, 0x000000070a600000| Complete 
|  47|0x000000070a800000, 0x000000070aa00000, 0x000000070aa00000|100%|HC|  |TAMS 0x000000070a800000, 0x000000070a800000| Complete 
|  48|0x000000070aa00000, 0x000000070ac00000, 0x000000070ac00000|100%|HC|  |TAMS 0x000000070aa00000, 0x000000070aa00000| Complete 
|  49|0x000000070ac00000, 0x000000070ae00000, 0x000000070ae00000|100%|HC|  |TAMS 0x000000070ac00000, 0x000000070ac00000| Complete 
|  50|0x000000070ae00000, 0x000000070b000000, 0x000000070b000000|100%|HC|  |TAMS 0x000000070ae00000, 0x000000070ae00000| Complete 
|  51|0x000000070b000000, 0x000000070b200000, 0x000000070b200000|100%|HC|  |TAMS 0x000000070b000000, 0x000000070b000000| Complete 
|  52|0x000000070b200000, 0x000000070b400000, 0x000000070b400000|100%|HC|  |TAMS 0x000000070b200000, 0x000000070b200000| Complete 
|  53|0x000000070b400000, 0x000000070b600000, 0x000000070b600000|100%|HC|  |TAMS 0x000000070b400000, 0x000000070b400000| Complete 
|  54|0x000000070b600000, 0x000000070b800000, 0x000000070b800000|100%|HC|  |TAMS 0x000000070b600000, 0x000000070b600000| Complete 
|  55|0x000000070b800000, 0x000000070ba00000, 0x000000070ba00000|100%|HC|  |TAMS 0x000000070b800000, 0x000000070b800000| Complete 
|  56|0x000000070ba00000, 0x000000070bc00000, 0x000000070bc00000|100%|HC|  |TAMS 0x000000070ba00000, 0x000000070ba00000| Complete 
|  57|0x000000070bc00000, 0x000000070be00000, 0x000000070be00000|100%|HS|  |TAMS 0x000000070bc00000, 0x000000070bc00000| Complete 
|  58|0x000000070be00000, 0x000000070c000000, 0x000000070c000000|100%|HC|  |TAMS 0x000000070be00000, 0x000000070be00000| Complete 
|  59|0x000000070c000000, 0x000000070c200000, 0x000000070c200000|100%|HC|  |TAMS 0x000000070c000000, 0x000000070c000000| Complete 
|  60|0x000000070c200000, 0x000000070c400000, 0x000000070c400000|100%|HC|  |TAMS 0x000000070c200000, 0x000000070c200000| Complete 
|  61|0x000000070c400000, 0x000000070c600000, 0x000000070c600000|100%|HC|  |TAMS 0x000000070c400000, 0x000000070c400000| Complete 
|  62|0x000000070c600000, 0x000000070c800000, 0x000000070c800000|100%|HC|  |TAMS 0x000000070c600000, 0x000000070c600000| Complete 
|  63|0x000000070c800000, 0x000000070ca00000, 0x000000070ca00000|100%|HC|  |TAMS 0x000000070c800000, 0x000000070c800000| Complete 
|  64|0x000000070ca00000, 0x000000070cc00000, 0x000000070cc00000|100%|HC|  |TAMS 0x000000070ca00000, 0x000000070ca00000| Complete 
|  65|0x000000070cc00000, 0x000000070ce00000, 0x000000070ce00000|100%|HC|  |TAMS 0x000000070cc00000, 0x000000070cc00000| Complete 
|  66|0x000000070ce00000, 0x000000070d000000, 0x000000070d000000|100%|HC|  |TAMS 0x000000070ce00000, 0x000000070ce00000| Complete 
|  67|0x000000070d000000, 0x000000070d200000, 0x000000070d200000|100%|HC|  |TAMS 0x000000070d000000, 0x000000070d000000| Complete 
|  68|0x000000070d200000, 0x000000070d400000, 0x000000070d400000|100%|HS|  |TAMS 0x000000070d200000, 0x000000070d200000| Complete 
|  69|0x000000070d400000, 0x000000070d600000, 0x000000070d600000|100%|HC|  |TAMS 0x000000070d400000, 0x000000070d400000| Complete 
|  70|0x000000070d600000, 0x000000070d800000, 0x000000070d800000|100%|HC|  |TAMS 0x000000070d600000, 0x000000070d600000| Complete 
|  71|0x000000070d800000, 0x000000070da00000, 0x000000070da00000|100%|HC|  |TAMS 0x000000070d800000, 0x000000070d800000| Complete 
|  72|0x000000070da00000, 0x000000070dc00000, 0x000000070dc00000|100%|HC|  |TAMS 0x000000070da00000, 0x000000070da00000| Complete 
|  73|0x000000070dc00000, 0x000000070de00000, 0x000000070de00000|100%|HC|  |TAMS 0x000000070dc00000, 0x000000070dc00000| Complete 
|  74|0x000000070de00000, 0x000000070e000000, 0x000000070e000000|100%|HC|  |TAMS 0x000000070de00000, 0x000000070de00000| Complete 
|  75|0x000000070e000000, 0x000000070e200000, 0x000000070e200000|100%|HC|  |TAMS 0x000000070e000000, 0x000000070e000000| Complete 
|  76|0x000000070e200000, 0x000000070e400000, 0x000000070e400000|100%|HC|  |TAMS 0x000000070e200000, 0x000000070e200000| Complete 
|  77|0x000000070e400000, 0x000000070e600000, 0x000000070e600000|100%|HC|  |TAMS 0x000000070e400000, 0x000000070e400000| Complete 
|  78|0x000000070e600000, 0x000000070e800000, 0x000000070e800000|100%|HC|  |TAMS 0x000000070e600000, 0x000000070e600000| Complete 
|  79|0x000000070e800000, 0x000000070e800000, 0x000000070ea00000|  0%| F|  |TAMS 0x000000070e800000, 0x000000070e800000| Untracked 
|  80|0x000000070ea00000, 0x000000070ea00000, 0x000000070ec00000|  0%| F|  |TAMS 0x000000070ea00000, 0x000000070ea00000| Untracked 
|  81|0x000000070ec00000, 0x000000070ec00000, 0x000000070ee00000|  0%| F|  |TAMS 0x000000070ec00000, 0x000000070ec00000| Untracked 
|  82|0x000000070ee00000, 0x000000070ee00000, 0x000000070f000000|  0%| F|  |TAMS 0x000000070ee00000, 0x000000070ee00000| Untracked 
|  83|0x000000070f000000, 0x000000070f000000, 0x000000070f200000|  0%| F|  |TAMS 0x000000070f000000, 0x000000070f000000| Untracked 
|  84|0x000000070f200000, 0x000000070f200000, 0x000000070f400000|  0%| F|  |TAMS 0x000000070f200000, 0x000000070f200000| Untracked 
|  85|0x000000070f400000, 0x000000070f4ffe60, 0x000000070f600000| 49%| S|CS|TAMS 0x000000070f400000, 0x000000070f400000| Complete 
|  86|0x000000070f600000, 0x000000070f600000, 0x000000070f800000|  0%| F|  |TAMS 0x000000070f600000, 0x000000070f600000| Untracked 
|  87|0x000000070f800000, 0x000000070f800000, 0x000000070fa00000|  0%| F|  |TAMS 0x000000070f800000, 0x000000070f800000| Untracked 
|  88|0x000000070fa00000, 0x000000070fa00000, 0x000000070fc00000|  0%| F|  |TAMS 0x000000070fa00000, 0x000000070fa00000| Untracked 
|  89|0x000000070fc00000, 0x000000070fc00000, 0x000000070fe00000|  0%| F|  |TAMS 0x000000070fc00000, 0x000000070fc00000| Untracked 
|  90|0x000000070fe00000, 0x000000070fe00000, 0x0000000710000000|  0%| F|  |TAMS 0x000000070fe00000, 0x000000070fe00000| Untracked 
|  91|0x0000000710000000, 0x0000000710000000, 0x0000000710200000|  0%| F|  |TAMS 0x0000000710000000, 0x0000000710000000| Untracked 
|  92|0x0000000710200000, 0x0000000710400000, 0x0000000710400000|100%|HS|  |TAMS 0x0000000710200000, 0x0000000710200000| Complete 
|  93|0x0000000710400000, 0x0000000710600000, 0x0000000710600000|100%|HC|  |TAMS 0x0000000710400000, 0x0000000710400000| Complete 
|  94|0x0000000710600000, 0x0000000710800000, 0x0000000710800000|100%|HC|  |TAMS 0x0000000710600000, 0x0000000710600000| Complete 
|  95|0x0000000710800000, 0x0000000710a00000, 0x0000000710a00000|100%|HC|  |TAMS 0x0000000710800000, 0x0000000710800000| Complete 
|  96|0x0000000710a00000, 0x0000000710c00000, 0x0000000710c00000|100%|HC|  |TAMS 0x0000000710a00000, 0x0000000710a00000| Complete 
|  97|0x0000000710c00000, 0x0000000710e00000, 0x0000000710e00000|100%|HC|  |TAMS 0x0000000710c00000, 0x0000000710c00000| Complete 
|  98|0x0000000710e00000, 0x0000000711000000, 0x0000000711000000|100%|HC|  |TAMS 0x0000000710e00000, 0x0000000710e00000| Complete 
|  99|0x0000000711000000, 0x0000000711200000, 0x0000000711200000|100%|HC|  |TAMS 0x0000000711000000, 0x0000000711000000| Complete 
| 100|0x0000000711200000, 0x0000000711400000, 0x0000000711400000|100%|HC|  |TAMS 0x0000000711200000, 0x0000000711200000| Complete 
| 101|0x0000000711400000, 0x0000000711600000, 0x0000000711600000|100%|HC|  |TAMS 0x0000000711400000, 0x0000000711400000| Complete 
| 102|0x0000000711600000, 0x0000000711800000, 0x0000000711800000|100%|HC|  |TAMS 0x0000000711600000, 0x0000000711600000| Complete 
| 103|0x0000000711800000, 0x0000000711800000, 0x0000000711a00000|  0%| F|  |TAMS 0x0000000711800000, 0x0000000711800000| Untracked 
| 104|0x0000000711a00000, 0x0000000711a00000, 0x0000000711c00000|  0%| F|  |TAMS 0x0000000711a00000, 0x0000000711a00000| Untracked 
| 105|0x0000000711c00000, 0x0000000711c00000, 0x0000000711e00000|  0%| F|  |TAMS 0x0000000711c00000, 0x0000000711c00000| Untracked 
| 106|0x0000000711e00000, 0x0000000711e00000, 0x0000000712000000|  0%| F|  |TAMS 0x0000000711e00000, 0x0000000711e00000| Untracked 
| 107|0x0000000712000000, 0x0000000712000000, 0x0000000712200000|  0%| F|  |TAMS 0x0000000712000000, 0x0000000712000000| Untracked 
| 108|0x0000000712200000, 0x0000000712200000, 0x0000000712400000|  0%| F|  |TAMS 0x0000000712200000, 0x0000000712200000| Untracked 
| 109|0x0000000712400000, 0x0000000712400000, 0x0000000712600000|  0%| F|  |TAMS 0x0000000712400000, 0x0000000712400000| Untracked 
| 110|0x0000000712600000, 0x0000000712600000, 0x0000000712800000|  0%| F|  |TAMS 0x0000000712600000, 0x0000000712600000| Untracked 
| 111|0x0000000712800000, 0x0000000712800000, 0x0000000712a00000|  0%| F|  |TAMS 0x0000000712800000, 0x0000000712800000| Untracked 
| 112|0x0000000712a00000, 0x0000000712a00000, 0x0000000712c00000|  0%| F|  |TAMS 0x0000000712a00000, 0x0000000712a00000| Untracked 
| 113|0x0000000712c00000, 0x0000000712c00000, 0x0000000712e00000|  0%| F|  |TAMS 0x0000000712c00000, 0x0000000712c00000| Untracked 
| 114|0x0000000712e00000, 0x0000000712e00000, 0x0000000713000000|  0%| F|  |TAMS 0x0000000712e00000, 0x0000000712e00000| Untracked 
| 115|0x0000000713000000, 0x0000000713000000, 0x0000000713200000|  0%| F|  |TAMS 0x0000000713000000, 0x0000000713000000| Untracked 
| 116|0x0000000713200000, 0x0000000713200000, 0x0000000713400000|  0%| F|  |TAMS 0x0000000713200000, 0x0000000713200000| Untracked 
| 117|0x0000000713400000, 0x0000000713400000, 0x0000000713600000|  0%| F|  |TAMS 0x0000000713400000, 0x0000000713400000| Untracked 
| 118|0x0000000713600000, 0x0000000713600000, 0x0000000713800000|  0%| F|  |TAMS 0x0000000713600000, 0x0000000713600000| Untracked 
| 119|0x0000000713800000, 0x0000000713800000, 0x0000000713a00000|  0%| F|  |TAMS 0x0000000713800000, 0x0000000713800000| Untracked 
| 120|0x0000000713a00000, 0x0000000713a00000, 0x0000000713c00000|  0%| F|  |TAMS 0x0000000713a00000, 0x0000000713a00000| Untracked 
| 121|0x0000000713c00000, 0x0000000713c63728, 0x0000000713e00000| 19%| E|  |TAMS 0x0000000713c00000, 0x0000000713c00000| Complete 
| 125|0x0000000714400000, 0x0000000714600000, 0x0000000714600000|100%| E|CS|TAMS 0x0000000714400000, 0x0000000714400000| Complete 

Card table byte_map: [0x000001fe80f60000,0x000001fe81740000] _byte_map_base: 0x000001fe7d73b000

Marking Bits (Prev, Next): (CMBitMap*) 0x000001fee8fcf0e0, (CMBitMap*) 0x000001fee8fcf120
 Prev Bits: [0x000001fe81f20000, 0x000001fe85df8000)
 Next Bits: [0x000001fe85e00000, 0x000001fe89cd8000)

Polling page: 0x000001fee8720000

Metaspace:

Usage:
  Non-class:     61.60 MB used.
      Class:      8.74 MB used.
       Both:     70.34 MB used.

Virtual space:
  Non-class space:       64.00 MB reserved,      62.00 MB ( 97%) committed,  1 nodes.
      Class space:        1.00 GB reserved,       9.12 MB ( <1%) committed,  1 nodes.
             Both:        1.06 GB reserved,      71.12 MB (  7%) committed. 

Chunk freelists:
   Non-Class:  1.39 MB
       Class:  2.76 MB
        Both:  4.15 MB

MaxMetaspaceSize: unlimited
CompressedClassSpaceSize: 1.00 GB
Initial GC threshold: 21.00 MB
Current GC threshold: 113.88 MB
CDS: on
MetaspaceReclaimPolicy: balanced
 - commit_granule_bytes: 65536.
 - commit_granule_words: 8192.
 - virtual_space_node_default_size: 8388608.
 - enlarge_chunks_in_place: 1.
 - new_chunks_are_fully_committed: 0.
 - uncommit_free_chunks: 1.
 - use_allocation_guard: 0.


Internal statistics:

num_allocs_failed_limit: 9.
num_arena_births: 1246.
num_arena_deaths: 0.
num_vsnodes_births: 2.
num_vsnodes_deaths: 0.
num_space_committed: 1138.
num_space_uncommitted: 0.
num_chunks_returned_to_freelist: 9.
num_chunks_taken_from_freelist: 3906.
num_chunk_merges: 9.
num_chunk_splits: 2795.
num_chunks_enlarged: 2218.
num_inconsistent_stats: 0.

CodeHeap 'non-profiled nmethods': size=119168Kb used=8684Kb max_used=8684Kb free=110483Kb
 bounds [0x000001fef8a60000, 0x000001fef92e0000, 0x000001feffec0000]
CodeHeap 'profiled nmethods': size=119104Kb used=21443Kb max_used=24293Kb free=97660Kb
 bounds [0x000001fef0ec0000, 0x000001fef2680000, 0x000001fef8310000]
CodeHeap 'non-nmethods': size=7488Kb used=1448Kb max_used=3208Kb free=6039Kb
 bounds [0x000001fef8310000, 0x000001fef8640000, 0x000001fef8a60000]
 total_blobs=11186 nmethods=10499 adapters=596
 compilation: enabled
              stopped_count=0, restarted_count=0
 full_count=0

Compilation events (20 events):
Event: 183.636 Thread 0x000001fe8cd5f540 nmethod 12606 0x000001fef92d3490 code [0x000001fef92d3640, 0x000001fef92d43d8]
Event: 183.637 Thread 0x000001fe8cd5f540 12607       4       java.util.concurrent.ConcurrentHashMap$KeyIterator::<init> (12 bytes)
Event: 183.644 Thread 0x000001fe8cd5f540 nmethod 12607 0x000001fef92d4810 code [0x000001fef92d49a0, 0x000001fef92d4ef8]
Event: 183.644 Thread 0x000001fe8cd5f540 12608       4       java.util.concurrent.ConcurrentHashMap$KeySetView::iterator (34 bytes)
Event: 183.650 Thread 0x000001fe8cd5f540 nmethod 12608 0x000001fef92d5090 code [0x000001fef92d5220, 0x000001fef92d5698]
Event: 183.650 Thread 0x000001fe8cd5f540 12609       4       org.apache.tomcat.util.buf.ByteChunk::allocate (49 bytes)
Event: 183.652 Thread 0x000001fe8cd5f540 nmethod 12609 0x000001fef92d5910 code [0x000001fef92d5aa0, 0x000001fef92d5d38]
Event: 183.706 Thread 0x000001fe8cd5f540 12610       4       java.util.HashSet::toArray (18 bytes)
Event: 183.710 Thread 0x000001fe8cd5f540 nmethod 12610 0x000001fef92d5e10 code [0x000001fef92d5fa0, 0x000001fef92d6398]
Event: 183.734 Thread 0x000001fe8cd5f540 12611   !   4       org.apache.tomcat.util.net.NioEndpoint$Poller::timeout (500 bytes)
Event: 183.742 Thread 0x000001fe8cd5f540 nmethod 12611 0x000001fef92d6590 code [0x000001fef92d67c0, 0x000001fef92d6f10]
Event: 183.864 Thread 0x000001fe8cd5f540 12612       4       com.fasterxml.jackson.core.json.JsonWriteContext::<init> (31 bytes)
Event: 183.866 Thread 0x000001fe8cd5f540 nmethod 12612 0x000001fef92d7910 code [0x000001fef92d7a80, 0x000001fef92d7d98]
Event: 183.878 Thread 0x000001fe8cd5f540 12613       4       java.util.concurrent.locks.AbstractQueuedSynchronizer$ConditionObject::enableWait (84 bytes)
Event: 183.884 Thread 0x000001fe8cd5f540 nmethod 12613 0x000001fef92d7e10 code [0x000001fef92d7fc0, 0x000001fef92d8638]
Event: 183.908 Thread 0x000001fe8cd5f540 12614   !   4       java.util.concurrent.LinkedBlockingQueue::offer (131 bytes)
Event: 183.946 Thread 0x000001fe8cd5f540 nmethod 12614 0x000001fef92d8910 code [0x000001fef92d8b40, 0x000001fef92da650]
Event: 183.946 Thread 0x000001fe8cd5f540 12615       4       org.hibernate.internal.SessionFactoryImpl::isClosed (16 bytes)
Event: 183.946 Thread 0x000001fe8cd5f540 nmethod 12615 0x000001fef92db090 code [0x000001fef92db220, 0x000001fef92db2b8]
Event: 183.960 Thread 0x000001fe8cd5f540 12616       4       org.springframework.core.SerializableTypeWrapper::forTypeProvider (178 bytes)

GC Heap History (20 events):
Event: 4.097 GC heap before
{Heap before GC invocations=16 (full 0):
 garbage-first heap   total 96256K, used 29203K [0x0000000704a00000, 0x0000000800000000)
  region size 2048K, 3 young (6144K), 2 survivors (4096K)
 Metaspace       used 60616K, committed 61248K, reserved 1114112K
  class space    used 7892K, committed 8192K, reserved 1048576K
}
Event: 4.106 GC heap after
{Heap after GC invocations=17 (full 0):
 garbage-first heap   total 96256K, used 26928K [0x0000000704a00000, 0x0000000800000000)
  region size 2048K, 1 young (2048K), 1 survivors (2048K)
 Metaspace       used 60616K, committed 61248K, reserved 1114112K
  class space    used 7892K, committed 8192K, reserved 1048576K
}
Event: 4.200 GC heap before
{Heap before GC invocations=17 (full 0):
 garbage-first heap   total 96256K, used 71984K [0x0000000704a00000, 0x0000000800000000)
  region size 2048K, 24 young (49152K), 1 survivors (2048K)
 Metaspace       used 60745K, committed 61440K, reserved 1114112K
  class space    used 7897K, committed 8192K, reserved 1048576K
}
Event: 4.202 GC heap after
{Heap after GC invocations=18 (full 0):
 garbage-first heap   total 96256K, used 28217K [0x0000000704a00000, 0x0000000800000000)
  region size 2048K, 1 young (2048K), 1 survivors (2048K)
 Metaspace       used 60745K, committed 61440K, reserved 1114112K
  class space    used 7897K, committed 8192K, reserved 1048576K
}
Event: 4.287 GC heap before
{Heap before GC invocations=18 (full 0):
 garbage-first heap   total 96256K, used 73273K [0x0000000704a00000, 0x0000000800000000)
  region size 2048K, 24 young (49152K), 1 survivors (2048K)
 Metaspace       used 60847K, committed 61440K, reserved 1114112K
  class space    used 7897K, committed 8192K, reserved 1048576K
}
Event: 4.289 GC heap after
{Heap after GC invocations=19 (full 0):
 garbage-first heap   total 194560K, used 29317K [0x0000000704a00000, 0x0000000800000000)
  region size 2048K, 2 young (4096K), 2 survivors (4096K)
 Metaspace       used 60847K, committed 61440K, reserved 1114112K
  class space    used 7897K, committed 8192K, reserved 1048576K
}
Event: 29.589 GC heap before
{Heap before GC invocations=19 (full 0):
 garbage-first heap   total 194560K, used 113285K [0x0000000704a00000, 0x0000000800000000)
  region size 2048K, 34 young (69632K), 2 survivors (4096K)
 Metaspace       used 68388K, committed 69120K, reserved 1114112K
  class space    used 8860K, committed 9216K, reserved 1048576K
}
Event: 29.592 GC heap after
{Heap after GC invocations=20 (full 0):
 garbage-first heap   total 194560K, used 53227K [0x0000000704a00000, 0x0000000800000000)
  region size 2048K, 3 young (6144K), 3 survivors (6144K)
 Metaspace       used 68388K, committed 69120K, reserved 1114112K
  class space    used 8860K, committed 9216K, reserved 1048576K
}
Event: 150.233 GC heap before
{Heap before GC invocations=20 (full 0):
 garbage-first heap   total 194560K, used 79851K [0x0000000704a00000, 0x0000000800000000)
  region size 2048K, 6 young (12288K), 3 survivors (6144K)
 Metaspace       used 69148K, committed 69888K, reserved 1114112K
  class space    used 8918K, committed 9280K, reserved 1048576K
}
Event: 150.237 GC heap after
{Heap after GC invocations=21 (full 0):
 garbage-first heap   total 194560K, used 76310K [0x0000000704a00000, 0x0000000800000000)
  region size 2048K, 3 young (6144K), 3 survivors (6144K)
 Metaspace       used 69148K, committed 69888K, reserved 1114112K
  class space    used 8918K, committed 9280K, reserved 1048576K
}
Event: 177.563 GC heap before
{Heap before GC invocations=22 (full 0):
 garbage-first heap   total 245760K, used 244246K [0x0000000704a00000, 0x0000000800000000)
  region size 2048K, 41 young (83968K), 3 survivors (6144K)
 Metaspace       used 72014K, committed 72832K, reserved 1114112K
  class space    used 8946K, committed 9344K, reserved 1048576K
}
Event: 177.567 GC heap after
{Heap after GC invocations=23 (full 0):
 garbage-first heap   total 251904K, used 166801K [0x0000000704a00000, 0x0000000800000000)
  region size 2048K, 3 young (6144K), 3 survivors (6144K)
 Metaspace       used 72014K, committed 72832K, reserved 1114112K
  class space    used 8946K, committed 9344K, reserved 1048576K
}
Event: 178.283 GC heap before
{Heap before GC invocations=23 (full 0):
 garbage-first heap   total 251904K, used 172945K [0x0000000704a00000, 0x0000000800000000)
  region size 2048K, 6 young (12288K), 3 survivors (6144K)
 Metaspace       used 72014K, committed 72832K, reserved 1114112K
  class space    used 8946K, committed 9344K, reserved 1048576K
}
Event: 178.290 GC heap after
{Heap after GC invocations=24 (full 0):
 garbage-first heap   total 251904K, used 166667K [0x0000000704a00000, 0x0000000800000000)
  region size 2048K, 1 young (2048K), 1 survivors (2048K)
 Metaspace       used 72014K, committed 72832K, reserved 1114112K
  class space    used 8946K, committed 9344K, reserved 1048576K
}
Event: 180.889 GC heap before
{Heap before GC invocations=24 (full 0):
 garbage-first heap   total 251904K, used 215819K [0x0000000704a00000, 0x0000000800000000)
  region size 2048K, 25 young (51200K), 1 survivors (2048K)
 Metaspace       used 72020K, committed 72832K, reserved 1114112K
  class space    used 8947K, committed 9344K, reserved 1048576K
}
Event: 180.892 GC heap after
{Heap after GC invocations=25 (full 0):
 garbage-first heap   total 251904K, used 166373K [0x0000000704a00000, 0x0000000800000000)
  region size 2048K, 1 young (2048K), 1 survivors (2048K)
 Metaspace       used 72020K, committed 72832K, reserved 1114112K
  class space    used 8947K, committed 9344K, reserved 1048576K
}
Event: 182.467 GC heap before
{Heap before GC invocations=25 (full 0):
 garbage-first heap   total 251904K, used 215525K [0x0000000704a00000, 0x0000000800000000)
  region size 2048K, 25 young (51200K), 1 survivors (2048K)
 Metaspace       used 72023K, committed 72832K, reserved 1114112K
  class space    used 8948K, committed 9344K, reserved 1048576K
}
Event: 182.469 GC heap after
{Heap after GC invocations=26 (full 0):
 garbage-first heap   total 251904K, used 166311K [0x0000000704a00000, 0x0000000800000000)
  region size 2048K, 1 young (2048K), 1 survivors (2048K)
 Metaspace       used 72023K, committed 72832K, reserved 1114112K
  class space    used 8948K, committed 9344K, reserved 1048576K
}
Event: 183.962 GC heap before
{Heap before GC invocations=26 (full 0):
 garbage-first heap   total 251904K, used 217511K [0x0000000704a00000, 0x0000000800000000)
  region size 2048K, 26 young (53248K), 1 survivors (2048K)
 Metaspace       used 72029K, committed 72832K, reserved 1114112K
  class space    used 8948K, committed 9344K, reserved 1048576K
}
Event: 183.964 GC heap after
{Heap after GC invocations=27 (full 0):
 garbage-first heap   total 251904K, used 166335K [0x0000000704a00000, 0x0000000800000000)
  region size 2048K, 1 young (2048K), 1 survivors (2048K)
 Metaspace       used 72029K, committed 72832K, reserved 1114112K
  class space    used 8948K, committed 9344K, reserved 1048576K
}

Dll operation events (14 events):
Event: 0.004 Loaded shared library D:\Same Program\java\bin\java.dll
Event: 0.013 Loaded shared library D:\Same Program\java\bin\jsvml.dll
Event: 0.079 Loaded shared library D:\Same Program\java\bin\zip.dll
Event: 0.080 Loaded shared library D:\Same Program\java\bin\instrument.dll
Event: 0.083 Loaded shared library D:\Same Program\java\bin\net.dll
Event: 0.084 Loaded shared library D:\Same Program\java\bin\nio.dll
Event: 0.086 Loaded shared library D:\Same Program\java\bin\zip.dll
Event: 0.139 Loaded shared library D:\Same Program\Idea java\IntelliJ IDEA Community Edition 2022.3.2\bin\breakgen64.dll
Event: 0.144 Loaded shared library D:\Same Program\java\bin\extnet.dll
Event: 0.165 Loaded shared library D:\Same Program\java\bin\jimage.dll
Event: 0.606 Loaded shared library D:\Same Program\java\bin\verify.dll
Event: 1.966 Loaded shared library D:\Same Program\java\bin\sunmscapi.dll
Event: 1.983 Loaded shared library D:\Same Program\java\bin\management.dll
Event: 1.984 Loaded shared library D:\Same Program\java\bin\management_ext.dll

Deoptimization events (20 events):
Event: 181.349 Thread 0x000001fe9664f9c0 DEOPT PACKING pc=0x000001fef212e624 sp=0x000000aab75fef20
Event: 181.350 Thread 0x000001fe9664f9c0 DEOPT UNPACKING pc=0x000001fef837b0e3 sp=0x000000aab75fe398 mode 0
Event: 181.428 Thread 0x000001fe9664f9c0 DEOPT PACKING pc=0x000001fef1fbcad0 sp=0x000000aab75feb50
Event: 181.428 Thread 0x000001fe9664f9c0 DEOPT UNPACKING pc=0x000001fef837b0e3 sp=0x000000aab75fdfd0 mode 0
Event: 183.020 Thread 0x000001fe9664d9e0 Uncommon trap: trap_request=0xffffffbe fr.pc=0x000001fef92beb30 relative=0x0000000000000610
Event: 183.020 Thread 0x000001fe9664d9e0 Uncommon trap: reason=profile_predicate action=maybe_recompile pc=0x000001fef92beb30 method=org.springframework.util.AntPathMatcher.skipSeparator(Ljava/lang/String;ILjava/lang/String;)I @ 12 c2
Event: 183.020 Thread 0x000001fe9664d9e0 DEOPT PACKING pc=0x000001fef92beb30 sp=0x000000aab73fd740
Event: 183.020 Thread 0x000001fe9664d9e0 DEOPT UNPACKING pc=0x000001fef837a5a3 sp=0x000000aab73fd6d8 mode 2
Event: 183.020 Thread 0x000001fe946272a0 Uncommon trap: trap_request=0xffffffbe fr.pc=0x000001fef92beb30 relative=0x0000000000000610
Event: 183.020 Thread 0x000001fe946272a0 Uncommon trap: reason=profile_predicate action=maybe_recompile pc=0x000001fef92beb30 method=org.springframework.util.AntPathMatcher.skipSeparator(Ljava/lang/String;ILjava/lang/String;)I @ 12 c2
Event: 183.020 Thread 0x000001fe946272a0 DEOPT PACKING pc=0x000001fef92beb30 sp=0x000000aab6dfd610
Event: 183.020 Thread 0x000001fe946272a0 DEOPT UNPACKING pc=0x000001fef837a5a3 sp=0x000000aab6dfd5a8 mode 2
Event: 183.021 Thread 0x000001fe946277f0 Uncommon trap: trap_request=0xffffffbe fr.pc=0x000001fef92beb30 relative=0x0000000000000610
Event: 183.021 Thread 0x000001fe946277f0 Uncommon trap: reason=profile_predicate action=maybe_recompile pc=0x000001fef92beb30 method=org.springframework.util.AntPathMatcher.skipSeparator(Ljava/lang/String;ILjava/lang/String;)I @ 12 c2
Event: 183.021 Thread 0x000001fe946277f0 DEOPT PACKING pc=0x000001fef92beb30 sp=0x000000aab6efd5a0
Event: 183.021 Thread 0x000001fe946277f0 DEOPT UNPACKING pc=0x000001fef837a5a3 sp=0x000000aab6efd538 mode 2
Event: 183.022 Thread 0x000001fe9664f9c0 Uncommon trap: trap_request=0xffffffbe fr.pc=0x000001fef92beb30 relative=0x0000000000000610
Event: 183.022 Thread 0x000001fe9664f9c0 Uncommon trap: reason=profile_predicate action=maybe_recompile pc=0x000001fef92beb30 method=org.springframework.util.AntPathMatcher.skipSeparator(Ljava/lang/String;ILjava/lang/String;)I @ 12 c2
Event: 183.022 Thread 0x000001fe9664f9c0 DEOPT PACKING pc=0x000001fef92beb30 sp=0x000000aab75fdac0
Event: 183.022 Thread 0x000001fe9664f9c0 DEOPT UNPACKING pc=0x000001fef837a5a3 sp=0x000000aab75fda58 mode 2

Classes loaded (20 events):
Event: 9.834 Loading class org/w3c/dom/Node
Event: 9.834 Loading class org/w3c/dom/Node done
Event: 9.834 Loading class org/w3c/dom/Document
Event: 9.834 Loading class org/w3c/dom/Document done
Event: 9.882 Loading class java/util/package-info
Event: 9.882 Loading class java/util/package-info done
Event: 9.891 Loading class java/util/stream/ReduceOps$4
Event: 9.891 Loading class java/util/stream/ReduceOps$4 done
Event: 9.891 Loading class java/util/stream/ReduceOps$4ReducingSink
Event: 9.892 Loading class java/util/stream/ReduceOps$4ReducingSink done
Event: 29.594 Loading class java/io/CharArrayWriter
Event: 29.595 Loading class java/io/CharArrayWriter done
Event: 149.339 Loading class jdk/internal/reflect/MethodHandleBooleanFieldAccessorImpl
Event: 149.339 Loading class jdk/internal/reflect/MethodHandleBooleanFieldAccessorImpl done
Event: 149.339 Loading class jdk/internal/reflect/MethodHandleDoubleFieldAccessorImpl
Event: 149.339 Loading class jdk/internal/reflect/MethodHandleDoubleFieldAccessorImpl done
Event: 150.238 Loading class java/util/concurrent/locks/ReentrantReadWriteLock$Sync$HoldCounter
Event: 150.238 Loading class java/util/concurrent/locks/ReentrantReadWriteLock$Sync$HoldCounter done
Event: 173.754 Loading class sun/util/locale/LocaleExtensions
Event: 173.757 Loading class sun/util/locale/LocaleExtensions done

Classes unloaded (0 events):
No events

Classes redefined (0 events):
No events

Internal exceptions (20 events):
Event: 4.493 Thread 0x000001fee8f5d900 Exception <a 'java/lang/NoSuchMethodError'{0x000000070e49c428}: 'java.lang.Object java.lang.invoke.DirectMethodHandle$Holder.invokeSpecial(java.lang.Object, java.lang.Object, java.lang.Object, int, java.lang.Object, int)'> (0x000000070e49c428) 
thrown [s\open\src\hotspot\share\interpreter\linkResolver.cpp, line 774]
Event: 4.528 Thread 0x000001fee8f5d900 Exception <a 'sun/nio/fs/WindowsException'{0x000000070e2ea7d0}> (0x000000070e2ea7d0) 
thrown [s\open\src\hotspot\share\prims\jni.cpp, line 517]
Event: 9.586 Thread 0x000001fe946272a0 Exception <a 'java/lang/NoSuchMethodError'{0x000000070e09d1f8}: 'java.lang.Object java.lang.invoke.DirectMethodHandle$Holder.invokeSpecial(java.lang.Object, java.lang.Object, java.lang.Object, java.lang.Object, java.lang.Object, long)'> (0x000000070e09d1f8) 
thrown [s\open\src\hotspot\share\interpreter\linkResolver.cpp, line 774]
Event: 9.586 Thread 0x000001fe946272a0 Exception <a 'java/lang/NoSuchMethodError'{0x000000070e0a0c00}: 'java.lang.Object java.lang.invoke.Invokers$Holder.linkToTargetMethod(java.lang.Object, java.lang.Object, java.lang.Object, long, java.lang.Object)'> (0x000000070e0a0c00) 
thrown [s\open\src\hotspot\share\interpreter\linkResolver.cpp, line 774]
Event: 9.615 Thread 0x000001fe946272a0 Exception <a 'java/lang/NoSuchMethodError'{0x000000070de74098}: 'java.lang.Object java.lang.invoke.DirectMethodHandle$Holder.invokeStatic(java.lang.Object, int, int)'> (0x000000070de74098) 
thrown [s\open\src\hotspot\share\interpreter\linkResolver.cpp, line 774]
Event: 9.811 Thread 0x000001fe94628290 Implicit null exception at 0x000001fef8c975bf to 0x000001fef8c97e58
Event: 9.811 Thread 0x000001fe94628290 Implicit null exception at 0x000001fef8c9a50e to 0x000001fef8c9ae10
Event: 9.811 Thread 0x000001fe94628290 Implicit null exception at 0x000001fef8c98ddc to 0x000001fef8c99594
Event: 9.882 Thread 0x000001fe94628290 Implicit null exception at 0x000001fef8bf3f3e to 0x000001fef8bf4025
Event: 9.945 Thread 0x000001fe94628290 Implicit null exception at 0x000001fef8b8f7cf to 0x000001fef8b8f920
Event: 29.554 Thread 0x000001fe946287e0 Exception <a 'java/lang/IncompatibleClassChangeError'{0x000000070c85b8a8}: Found class java.lang.Object, but interface was expected> (0x000000070c85b8a8) 
thrown [s\open\src\hotspot\share\interpreter\linkResolver.cpp, line 841]
Event: 29.571 Thread 0x000001fe946287e0 Exception <a 'java/lang/NoSuchMethodError'{0x000000070c9758f8}: 'void java.lang.invoke.Invokers$Holder.invokeExact_MT(java.lang.Object, java.lang.Object, int, java.lang.Object)'> (0x000000070c9758f8) 
thrown [s\open\src\hotspot\share\interpreter\linkResolver.cpp, line 774]
Event: 149.330 Thread 0x000001fe946272a0 Exception <a 'java/lang/NoSuchMethodError'{0x000000071454dcb8}: 'java.lang.Object java.lang.invoke.DirectMethodHandle$Holder.invokeVirtual(java.lang.Object, java.lang.Object, int)'> (0x000000071454dcb8) 
thrown [s\open\src\hotspot\share\interpreter\linkResolver.cpp, line 774]
Event: 149.339 Thread 0x000001fe946272a0 Exception <a 'java/lang/NoSuchMethodError'{0x00000007145c59e8}: 'double java.lang.invoke.DelegatingMethodHandle$Holder.reinvoke_L(java.lang.Object, java.lang.Object)'> (0x00000007145c59e8) 
thrown [s\open\src\hotspot\share\interpreter\linkResolver.cpp, line 774]
Event: 149.340 Thread 0x000001fe946272a0 Exception <a 'java/lang/NoSuchMethodError'{0x00000007145d0928}: 'void java.lang.invoke.DelegatingMethodHandle$Holder.reinvoke_L(java.lang.Object, java.lang.Object, double)'> (0x00000007145d0928) 
thrown [s\open\src\hotspot\share\interpreter\linkResolver.cpp, line 774]
Event: 149.354 Thread 0x000001fe946272a0 Exception <a 'java/lang/NoSuchMethodError'{0x00000007104a37e0}: 'double java.lang.invoke.DirectMethodHandle$Holder.invokeVirtual(java.lang.Object, java.lang.Object)'> (0x00000007104a37e0) 
thrown [s\open\src\hotspot\share\interpreter\linkResolver.cpp, line 774]
Event: 150.091 Thread 0x000001fe94625d60 Exception <a 'java/lang/NoSuchMethodError'{0x000000071052a678}: 'java.lang.Object java.lang.invoke.DirectMethodHandle$Holder.invokeInterface(java.lang.Object, java.lang.Object, java.lang.Object, java.lang.Object, java.lang.Object)'> (0x000000071052a678) 
thrown [s\open\src\hotspot\share\interpreter\linkResolver.cpp, line 774]
Event: 177.560 Thread 0x000001fe9664bf50 Implicit null exception at 0x000001fef90bfea7 to 0x000001fef90c023c
Event: 177.560 Thread 0x000001fe946272a0 Implicit null exception at 0x000001fef90bfea7 to 0x000001fef90c023c
Event: 177.718 Thread 0x000001fe94625d60 Implicit null exception at 0x000001fef90c48c4 to 0x000001fef90c4ce8

VM Operations (20 events):
Event: 179.305 Executing VM operation: Cleanup
Event: 179.305 Executing VM operation: Cleanup done
Event: 179.848 Executing VM operation: HandshakeAllThreads
Event: 179.848 Executing VM operation: HandshakeAllThreads done
Event: 179.949 Executing VM operation: HandshakeAllThreads
Event: 179.949 Executing VM operation: HandshakeAllThreads done
Event: 180.508 Executing VM operation: ICBufferFull
Event: 180.509 Executing VM operation: ICBufferFull done
Event: 180.593 Executing VM operation: HandshakeAllThreads
Event: 180.593 Executing VM operation: HandshakeAllThreads done
Event: 180.889 Executing VM operation: G1CollectForAllocation
Event: 180.892 Executing VM operation: G1CollectForAllocation done
Event: 181.900 Executing VM operation: Cleanup
Event: 181.900 Executing VM operation: Cleanup done
Event: 182.467 Executing VM operation: G1CollectForAllocation
Event: 182.469 Executing VM operation: G1CollectForAllocation done
Event: 183.475 Executing VM operation: Cleanup
Event: 183.475 Executing VM operation: Cleanup done
Event: 183.961 Executing VM operation: G1CollectForAllocation
Event: 183.964 Executing VM operation: G1CollectForAllocation done

Events (20 events):
Event: 180.608 Thread 0x000001fe8cd74880 flushing nmethod 0x000001fef2272690
Event: 180.609 Thread 0x000001fe8cd74880 flushing nmethod 0x000001fef22d0090
Event: 180.609 Thread 0x000001fe8cd74880 flushing nmethod 0x000001fef22e9b10
Event: 180.609 Thread 0x000001fe8cd74880 flushing nmethod 0x000001fef236fe90
Event: 180.609 Thread 0x000001fe8cd74880 flushing nmethod 0x000001fef23bcc10
Event: 180.609 Thread 0x000001fe8cd74880 flushing nmethod 0x000001fef23c2a90
Event: 180.609 Thread 0x000001fe8cd74880 flushing nmethod 0x000001fef23f3390
Event: 180.610 Thread 0x000001fe8cd74880 flushing nmethod 0x000001fef241bb90
Event: 180.610 Thread 0x000001fe8cd74880 flushing nmethod 0x000001fef2420990
Event: 180.610 Thread 0x000001fe8cd74880 flushing nmethod 0x000001fef2424d90
Event: 180.610 Thread 0x000001fe8cd74880 flushing nmethod 0x000001fef2429290
Event: 180.610 Thread 0x000001fe8cd74880 flushing nmethod 0x000001fef2436a90
Event: 180.610 Thread 0x000001fe8cd74880 flushing nmethod 0x000001fef254d090
Event: 180.610 Thread 0x000001fe8cd74880 flushing nmethod 0x000001fef259b910
Event: 180.610 Thread 0x000001fe8cd74880 flushing nmethod 0x000001fef25aa890
Event: 180.610 Thread 0x000001fe8cd74880 flushing nmethod 0x000001fef25b6110
Event: 182.716 Thread 0x000001fe9131a760 Thread exited: 0x000001fe9131a760
Event: 182.783 Thread 0x000001fe9131d3e0 Thread added: 0x000001fe9131d3e0
Event: 183.511 Thread 0x000001fe9131d3e0 Thread exited: 0x000001fe9131d3e0
Event: 183.586 Thread 0x000001fe9131df00 Thread exited: 0x000001fe9131df00


Dynamic libraries:
0x00007ff67f1d0000 - 0x00007ff67f1e0000 	D:\Same Program\java\bin\java.exe
0x00007ffa5f130000 - 0x00007ffa5f328000 	C:\Windows\SYSTEM32\ntdll.dll
0x00007ffa5da70000 - 0x00007ffa5db2f000 	C:\Windows\System32\KERNEL32.DLL
0x00007ffa5cbe0000 - 0x00007ffa5ceb2000 	C:\Windows\System32\KERNELBASE.dll
0x00007ffa5cec0000 - 0x00007ffa5cfc0000 	C:\Windows\System32\ucrtbase.dll
0x00007ffa56a30000 - 0x00007ffa56a48000 	D:\Same Program\java\bin\jli.dll
0x00007ffa56a50000 - 0x00007ffa56a6b000 	D:\Same Program\java\bin\VCRUNTIME140.dll
0x00007ffa5e760000 - 0x00007ffa5e80e000 	C:\Windows\System32\ADVAPI32.dll
0x00007ffa5eb70000 - 0x00007ffa5ec0e000 	C:\Windows\System32\msvcrt.dll
0x00007ffa5d290000 - 0x00007ffa5d32c000 	C:\Windows\System32\sechost.dll
0x00007ffa5efc0000 - 0x00007ffa5f0e5000 	C:\Windows\System32\RPCRT4.dll
0x00007ffa5ec10000 - 0x00007ffa5edb1000 	C:\Windows\System32\USER32.dll
0x00007ffa42610000 - 0x00007ffa428aa000 	C:\Windows\WinSxS\amd64_microsoft.windows.common-controls_6595b64144ccf1df_6.0.19041.1110_none_60b5254171f9507e\COMCTL32.dll
0x00007ffa5d140000 - 0x00007ffa5d162000 	C:\Windows\System32\win32u.dll
0x00007ffa5db40000 - 0x00007ffa5db6b000 	C:\Windows\System32\GDI32.dll
0x00007ffa5d030000 - 0x00007ffa5d13f000 	C:\Windows\System32\gdi32full.dll
0x00007ffa5c820000 - 0x00007ffa5c8bd000 	C:\Windows\System32\msvcp_win.dll
0x00007ffa54d40000 - 0x00007ffa54d4a000 	C:\Windows\SYSTEM32\VERSION.dll
0x00007ffa5ef70000 - 0x00007ffa5efa2000 	C:\Windows\System32\IMM32.DLL
0x00007ffa57110000 - 0x00007ffa5711c000 	D:\Same Program\java\bin\vcruntime140_1.dll
0x00007ffa4b810000 - 0x00007ffa4b89e000 	D:\Same Program\java\bin\msvcp140.dll
0x00007ff9f4a90000 - 0x00007ff9f5750000 	D:\Same Program\java\bin\server\jvm.dll
0x00007ffa45de0000 - 0x00007ffa45e07000 	C:\Windows\SYSTEM32\WINMM.dll
0x00007ffa46950000 - 0x00007ffa46959000 	C:\Windows\SYSTEM32\WSOCK32.dll
0x00007ffa5de00000 - 0x00007ffa5de6b000 	C:\Windows\System32\WS2_32.dll
0x00007ffa5b070000 - 0x00007ffa5b082000 	C:\Windows\SYSTEM32\kernel.appcore.dll
0x00007ffa570c0000 - 0x00007ffa570ca000 	D:\Same Program\java\bin\jimage.dll
0x00007ffa5a5f0000 - 0x00007ffa5a7d4000 	C:\Windows\SYSTEM32\DBGHELP.DLL
0x00007ffa41870000 - 0x00007ffa418a5000 	C:\Windows\SYSTEM32\dbgcore.DLL
0x00007ffa5ca20000 - 0x00007ffa5caa2000 	C:\Windows\System32\bcryptPrimitives.dll
0x00007ffa56a20000 - 0x00007ffa56a2e000 	D:\Same Program\java\bin\instrument.dll
0x00007ffa4df30000 - 0x00007ffa4df56000 	D:\Same Program\java\bin\java.dll
0x00007ffa1dfa0000 - 0x00007ffa1e077000 	D:\Same Program\java\bin\jsvml.dll
0x00007ffa5e000000 - 0x00007ffa5e745000 	C:\Windows\System32\SHELL32.dll
0x00007ffa5a7e0000 - 0x00007ffa5af72000 	C:\Windows\SYSTEM32\windows.storage.dll
0x00007ffa5e810000 - 0x00007ffa5eb65000 	C:\Windows\System32\combase.dll
0x00007ffa5c280000 - 0x00007ffa5c2b0000 	C:\Windows\SYSTEM32\Wldp.dll
0x00007ffa5d960000 - 0x00007ffa5da0d000 	C:\Windows\System32\SHCORE.dll
0x00007ffa5da10000 - 0x00007ffa5da65000 	C:\Windows\System32\shlwapi.dll
0x00007ffa5c760000 - 0x00007ffa5c77f000 	C:\Windows\SYSTEM32\profapi.dll
0x00007ffa4deb0000 - 0x00007ffa4dec8000 	D:\Same Program\java\bin\zip.dll
0x00007ffa502a0000 - 0x00007ffa502b3000 	D:\Same Program\java\bin\net.dll
0x00007ffa53830000 - 0x00007ffa5393c000 	C:\Windows\SYSTEM32\WINHTTP.dll
0x00007ffa5bfe0000 - 0x00007ffa5c04a000 	C:\Windows\system32\mswsock.dll
0x00007ffa4df10000 - 0x00007ffa4df26000 	D:\Same Program\java\bin\nio.dll
0x00007ffa4b7f0000 - 0x00007ffa4b80a000 	D:\Same Program\Idea java\IntelliJ IDEA Community Edition 2022.3.2\bin\breakgen64.dll
0x00007ffa4dee0000 - 0x00007ffa4dee8000 	D:\Same Program\java\bin\extnet.dll
0x00007ffa54a80000 - 0x00007ffa54a90000 	D:\Same Program\java\bin\verify.dll
0x00007ffa5c1d0000 - 0x00007ffa5c1e8000 	C:\Windows\SYSTEM32\CRYPTSP.dll
0x00007ffa5b890000 - 0x00007ffa5b8c4000 	C:\Windows\system32\rsaenh.dll
0x00007ffa5cbb0000 - 0x00007ffa5cbd7000 	C:\Windows\System32\bcrypt.dll
0x00007ffa5c720000 - 0x00007ffa5c74e000 	C:\Windows\SYSTEM32\USERENV.dll
0x00007ffa5c1f0000 - 0x00007ffa5c1fc000 	C:\Windows\SYSTEM32\CRYPTBASE.dll
0x00007ffa5bc80000 - 0x00007ffa5bcbb000 	C:\Windows\SYSTEM32\IPHLPAPI.DLL
0x00007ffa5efb0000 - 0x00007ffa5efb8000 	C:\Windows\System32\NSI.dll
0x00007ffa53cb0000 - 0x00007ffa53cc7000 	C:\Windows\SYSTEM32\dhcpcsvc6.DLL
0x00007ffa53c50000 - 0x00007ffa53c6d000 	C:\Windows\SYSTEM32\dhcpcsvc.DLL
0x00007ffa5bcc0000 - 0x00007ffa5bd8b000 	C:\Windows\SYSTEM32\DNSAPI.dll
0x00007ffa4df00000 - 0x00007ffa4df0e000 	D:\Same Program\java\bin\sunmscapi.dll
0x00007ffa5c8c0000 - 0x00007ffa5ca16000 	C:\Windows\System32\CRYPT32.dll
0x00007ffa5c2f0000 - 0x00007ffa5c317000 	C:\Windows\SYSTEM32\ncrypt.dll
0x00007ffa5c2b0000 - 0x00007ffa5c2eb000 	C:\Windows\SYSTEM32\NTASN1.dll
0x00007ffa4fe90000 - 0x00007ffa4fe9a000 	D:\Same Program\java\bin\management.dll
0x00007ffa4fd30000 - 0x00007ffa4fd3b000 	D:\Same Program\java\bin\management_ext.dll
0x00007ffa5e750000 - 0x00007ffa5e758000 	C:\Windows\System32\PSAPI.DLL
0x00007ffa53190000 - 0x00007ffa5319a000 	C:\Windows\System32\rasadhlp.dll
0x00007ffa52820000 - 0x00007ffa528a0000 	C:\Windows\System32\fwpuclnt.dll
0x00007ffa31970000 - 0x00007ffa31977000 	C:\Windows\system32\wshunix.dll

dbghelp: loaded successfully - version: 4.0.5 - missing functions: none
symbol engine: initialized successfully - sym options: 0x614 - pdb path: .;D:\Same Program\java\bin;C:\Windows\SYSTEM32;C:\Windows\WinSxS\amd64_microsoft.windows.common-controls_6595b64144ccf1df_6.0.19041.1110_none_60b5254171f9507e;D:\Same Program\java\bin\server;D:\Same Program\Idea java\IntelliJ IDEA Community Edition 2022.3.2\bin

VM Arguments:
jvm_args: -javaagent:D:\Same Program\Idea java\IntelliJ IDEA Community Edition 2022.3.2\lib\idea_rt.jar=55889:D:\Same Program\Idea java\IntelliJ IDEA Community Edition 2022.3.2\bin -Dfile.encoding=UTF-8 -Dsun.stdout.encoding=UTF-8 -Dsun.stderr.encoding=UTF-8 
java_command: shop.Main
java_class_path (initial): D:\Same Program\Program\Java\web_shop\web_api\target\classes;C:\Users\\.m2\repository\org\springframework\boot\spring-boot-starter-web\3.0.2\spring-boot-starter-web-3.0.2.jar;C:\Users\\.m2\repository\org\springframework\boot\spring-boot-starter\3.0.2\spring-boot-starter-3.0.2.jar;C:\Users\\.m2\repository\org\springframework\boot\spring-boot\3.0.2\spring-boot-3.0.2.jar;C:\Users\\.m2\repository\org\springframework\boot\spring-boot-autoconfigure\3.0.2\spring-boot-autoconfigure-3.0.2.jar;C:\Users\\.m2\repository\org\springframework\boot\spring-boot-starter-logging\3.0.2\spring-boot-starter-logging-3.0.2.jar;C:\Users\\.m2\repository\ch\qos\logback\logback-classic\1.4.5\logback-classic-1.4.5.jar;C:\Users\\.m2\repository\ch\qos\logback\logback-core\1.4.5\logback-core-1.4.5.jar;C:\Users\\.m2\repository\org\apache\logging\log4j\log4j-to-slf4j\2.19.0\log4j-to-slf4j-2.19.0.jar;C:\Users\\.m2\repository\org\apache\logging\log4j\log4j-api\2.19.0\log4j-api-2.19.0.jar;C:\Users\\.m2\repository\org\slf4j\jul-to-slf4j\2.0.6\jul-to-slf4j-2.0.6.jar;C:\Users\\.m2\repository\jakarta\annotation\jakarta.annotation-api\2.1.1\jakarta.annotation-api-2.1.1.jar;C:\Users\\.m2\repository\org\yaml\snakeyaml\1.33\snakeyaml-1.33.jar;C:\Users\\.m2\repository\org\springframework\boot\spring-boot-starter-json\3.0.2\spring-boot-starter-json-3.0.2.jar;C:\Users\\.m2\repository\com\fasterxml\jackson\core\jackson-databind\2.14.1\jackson-databind-2.14.1.jar;C:\Users\\.m2\repository\com\fasterxml\jackson\core\jackson-annotations\2.14.1\jackson-annotations-2.14.1.jar;C:\Users\\.m2\repository\com\fasterxml\jackson\core\jackson-core\2.14.1\jackson-core-2.14.1.jar;C:\Users\\.m2\repository\com\fasterxml\jackson\datatype\jackson-datatype-jdk8\2.14.1\jackson-datatype-jdk8-2.14.1.jar;C:\Users\\.m2\repository\com\fasterxml\jackson\datatype\jackson-datatype-jsr310\2.14.1\jackson-datatype-jsr310-2.14.1.jar;C:\Users\\.m2\repository\com\fasterxml\jackson\module\jackson-module-parameter-names\2.14.1\jackson-module-parameter-names-2.14.1.jar;C:\Users\\.m2\repository\org\springframework\boot\spring-boot-starter-tomcat\3.0.2\spring-boot-starter-tomcat-3.0.2.jar;C:\Users\\.m2\repository\org\apache\tomcat\embed\tomcat-embed-core\10.1.5\tomcat-embed-core-10.1.5.jar;C:\Users\\.m2\repository\org\apache\tomcat\embed\tomcat-embed-websocket\10.1.5\tomcat-embed-websocket-10.1.5.jar;C:\Users\\.m2\repository\org\springframework\spring-web\6.0.4\spring-web-6.0.4.jar;C:\Users\\.m2\repository\org\springframework\spring-beans\6.0.4\spring-beans-6.0.4.jar;C:\Users\\.m2\repository\io\micrometer\micrometer-observation\1.10.3\micrometer-observation-1.10.3.jar;C:\Users\\.m2\repository\io\micrometer\micrometer-commons\1.10.3\micrometer-commons-1.10.3.jar;C:\Users\\.m2\repository\org\springframework\spring-webmvc\6.0.4\spring-webmvc-6.0.4.jar;C:\Users\\.m2\repository\org\springframework\spring-aop\6.0.4\spring-aop-6.0.4.jar;C:\Users\\.m2\repository\org\springframework\spring-context\6.0.4\spring-context-6.0.4.jar;C:\Users\\.m2\repository\org\springframework\spring-expression\6.0.4\spring-expression-6.0.4.jar;C:\Users\\.m2\repository\org\springframework\boot\spring-boot-starter-thymeleaf\3.0.2\spring-boot-starter-thymeleaf-3.0.2.jar;C:\Users\\.m2\repository\org\thymeleaf\thymeleaf-spring6\3.1.1.RELEASE\thymeleaf-spring6-3.1.1.RELEASE.jar;C:\Users\\.m2\repository\org\thymeleaf\thymeleaf\3.1.1.RELEASE\thymeleaf-3.1.1.RELEASE.jar;C:\Users\\.m2\repository\org\attoparser\attoparser\2.0.6.RELEASE\attoparser-2.0.6.RELEASE.jar;C:\Users\\.m2\repository\org\unbescape\unbescape\1.1.6.RELEASE\unbescape-1.1.6.RELEASE.jar;C:\Users\\.m2\repository\org\slf4j\slf4j-api\2.0.6\slf4j-api-2.0.6.jar;C:\Users\\.m2\repository\jakarta\xml\bind\jakarta.xml.bind-api\4.0.0\jakarta.xml.bind-api-4.0.0.jar;C:\Users\\.m2\repository\jakarta\activation\jakarta.activation-api\2.1.1\jakarta.activation-api-2.1.1.jar;C:\Users\\.m2\repository\net\bytebuddy\byte-buddy\1.12.22\byte-buddy-1.12.22.jar;C:\Users\\.m2\repository\org\springframework\spring-core\6.0.4\spring-core-6.0.4.jar;C:\Users\\.m2\repository\org\springframework\spring-jcl\6.0.4\spring-jcl-6.0.4.jar;C:\Users\\.m2\repository\org\mapstruct\mapstruct\1.5.3.Final\mapstruct-1.5.3.Final.jar;C:\Users\\.m2\repository\org\projectlombok\lombok-mapstruct-binding\0.2.0\lombok-mapstruct-binding-0.2.0.jar;C:\Users\\.m2\repository\org\springdoc\springdoc-openapi-starter-webmvc-ui\2.0.2\springdoc-openapi-starter-webmvc-ui-2.0.2.jar;C:\Users\\.m2\repository\org\springdoc\springdoc-openapi-starter-webmvc-api\2.0.2\springdoc-openapi-starter-webmvc-api-2.0.2.jar;C:\Users\\.m2\repository\org\springdoc\springdoc-openapi-starter-common\2.0.2\springdoc-openapi-starter-common-2.0.2.jar;C:\Users\\.m2\repository\io\swagger\core\v3\swagger-core-jakarta\2.2.7\swagger-core-jakarta-2.2.7.jar;C:\Users\\.m2\repository\org\apache\commons\commons-lang3\3.12.0\commons-lang3-3.12.0.jar;C:\Users\\.m2\repository\io\swagger\core\v3\swagger-annotations-jakarta\2.2.7\swagger-annotations-jakarta-2.2.7.jar;C:\Users\\.m2\repository\io\swagger\core\v3\swagger-models-jakarta\2.2.7\swagger-models-jakarta-2.2.7.jar;C:\Users\\.m2\repository\com\fasterxml\jackson\dataformat\jackson-dataformat-yaml\2.14.1\jackson-dataformat-yaml-2.14.1.jar;C:\Users\\.m2\repository\org\webjars\swagger-ui\4.15.5\swagger-ui-4.15.5.jar;C:\Users\\.m2\repository\org\webjars\webjars-locator-core\0.52\webjars-locator-core-0.52.jar;C:\Users\\.m2\repository\io\github\classgraph\classgraph\4.8.149\classgraph-4.8.149.jar;C:\Users\\.m2\repository\org\springdoc\springdoc-openapi-ui\1.6.14\springdoc-openapi-ui-1.6.14.jar;C:\Users\\.m2\repository\org\springdoc\springdoc-openapi-webmvc-core\1.6.14\springdoc-openapi-webmvc-core-1.6.14.jar;C:\Users\\.m2\repository\org\springdoc\springdoc-openapi-common\1.6.14\springdoc-openapi-common-1.6.14.jar;C:\Users\\.m2\repository\io\swagger\core\v3\swagger-core\2.2.7\swagger-core-2.2.7.jar;C:\Users\\.m2\repository\io\swagger\core\v3\swagger-annotations\2.2.7\swagger-annotations-2.2.7.jar;C:\Users\\.m2\repository\io\swagger\core\v3\swagger-models\2.2.7\swagger-models-2.2.7.jar;C:\Users\\.m2\repository\org\springframework\boot\spring-boot-starter-data-jpa\3.0.2\spring-boot-starter-data-jpa-3.0.2.jar;C:\Users\\.m2\repository\org\springframework\boot\spring-boot-starter-aop\3.0.2\spring-boot-starter-aop-3.0.2.jar;C:\Users\\.m2\repository\org\aspectj\aspectjweaver\1.9.19\aspectjweaver-1.9.19.jar;C:\Users\\.m2\repository\org\springframework\boot\spring-boot-starter-jdbc\3.0.2\spring-boot-starter-jdbc-3.0.2.jar;C:\Users\\.m2\repository\com\zaxxer\HikariCP\5.0.1\HikariCP-5.0.1.jar;C:\Users\\.m2\repository\org\springframework\spring-jdbc\6.0.4\spring-jdbc-6.0.4.jar;C:\Users\\.m2\repository\org\hibernate\orm\hibernate-core\6.1.6.Final\hibernate-core-6.1.6.Final.jar;C:\Users\\.m2\repository\jakarta\persistence\jakarta.persistence-api\3.1.0\jakarta.persistence-api-3.1.0.jar;C:\Users\\.m2\repository\jakarta\transaction\jakarta.transaction-api\2.0.1\jakarta.transaction-api-2.0.1.jar;C:\Users\\.m2\repository\org\jboss\logging\jboss-logging\3.5.0.Final\jboss-logging-3.5.0.Final.jar;C:\Users\\.m2\repository\org\hibernate\common\hibernate-commons-annotations\6.0.2.Final\hibernate-commons-annotations-6.0.2.Final.jar;C:\Users\\.m2\repository\org\jboss\jandex\2.4.2.Final\jandex-2.4.2.Final.jar;C:\Users\\.m2\repository\com\fasterxml\classmate\1.5.1\classmate-1.5.1.jar;C:\Users\\.m2\repository\org\glassfish\jaxb\jaxb-runtime\4.0.1\jaxb-runtime-4.0.1.jar;C:\Users\\.m2\repository\org\glassfish\jaxb\jaxb-core\4.0.1\jaxb-core-4.0.1.jar;C:\Users\\.m2\repository\org\eclipse\angus\angus-activation\1.0.0\angus-activation-1.0.0.jar;C:\Users\\.m2\repository\org\glassfish\jaxb\txw2\4.0.1\txw2-4.0.1.jar;C:\Users\\.m2\repository\com\sun\istack\istack-commons-runtime\4.1.1\istack-commons-runtime-4.1.1.jar;C:\Users\\.m2\repository\jakarta\inject\jakarta.inject-api\2.0.0\jakarta.inject-api-2.0.0.jar;C:\Users\\.m2\repository\org\antlr\antlr4-runtime\4.10.1\antlr4-runtime-4.10.1.jar;C:\Users\\.m2\repository\org\springframework\data\spring-data-jpa\3.0.1\spring-data-jpa-3.0.1.jar;C:\Users\\.m2\repository\org\springframework\data\spring-data-commons\3.0.1\spring-data-commons-3.0.1.jar;C:\Users\\.m2\repository\org\springframework\spring-orm\6.0.4\spring-orm-6.0.4.jar;C:\Users\\.m2\repository\org\springframework\spring-tx\6.0.4\spring-tx-6.0.4.jar;C:\Users\\.m2\repository\org\springframework\spring-aspects\6.0.4\spring-aspects-6.0.4.jar;C:\Users\\.m2\repository\org\postgresql\postgresql\42.5.3\postgresql-42.5.3.jar;C:\Users\\.m2\repository\org\checkerframework\checker-qual\3.5.0\checker-qual-3.5.0.jar;C:\Users\\.m2\repository\org\springframework\boot\spring-boot-starter-validation\3.0.2\spring-boot-starter-validation-3.0.2.jar;C:\Users\\.m2\repository\org\apache\tomcat\embed\tomcat-embed-el\10.1.5\tomcat-embed-el-10.1.5.jar;C:\Users\\.m2\repository\org\hibernate\validator\hibernate-validator\8.0.0.Final\hibernate-validator-8.0.0.Final.jar;C:\Users\\.m2\repository\jakarta\validation\jakarta.validation-api\3.0.2\jakarta.validation-api-3.0.2.jar
Launcher Type: SUN_STANDARD

[Global flags]
     intx CICompilerCount                          = 12                                        {product} {ergonomic}
     uint ConcGCThreads                            = 3                                         {product} {ergonomic}
     uint G1ConcRefinementThreads                  = 13                                        {product} {ergonomic}
   size_t G1HeapRegionSize                         = 2097152                                   {product} {ergonomic}
    uintx GCDrainStackTargetSize                   = 64                                        {product} {ergonomic}
   size_t InitialHeapSize                          = 264241152                                 {product} {ergonomic}
   size_t MarkStackSize                            = 4194304                                   {product} {ergonomic}
   size_t MaxHeapSize                              = 4217372672                                {product} {ergonomic}
   size_t MaxNewSize                               = 2529165312                                {product} {ergonomic}
   size_t MinHeapDeltaBytes                        = 2097152                                   {product} {ergonomic}
   size_t MinHeapSize                              = 8388608                                   {product} {ergonomic}
    uintx NonNMethodCodeHeapSize                   = 7602480                                {pd product} {ergonomic}
    uintx NonProfiledCodeHeapSize                  = 122027880                              {pd product} {ergonomic}
    uintx ProfiledCodeHeapSize                     = 122027880                              {pd product} {ergonomic}
    uintx ReservedCodeCacheSize                    = 251658240                              {pd product} {ergonomic}
     bool SegmentedCodeCache                       = true                                      {product} {ergonomic}
   size_t SoftMaxHeapSize                          = 4217372672                             {manageable} {ergonomic}
     bool UseCompressedClassPointers               = true                           {product lp64_product} {ergonomic}
     bool UseCompressedOops                        = true                           {product lp64_product} {ergonomic}
     bool UseG1GC                                  = true                                      {product} {ergonomic}
     bool UseLargePagesIndividualAllocation        = false                                  {pd product} {ergonomic}

Logging:
Log output configuration:
 #0: stdout all=warning uptime,level,tags foldmultilines=false
 #1: stderr all=off uptime,level,tags foldmultilines=false

Environment Variables:
PATH=C:\Program Files\Common Files\Oracle\Java\javapath;C:\Windows\system32;C:\Windows;C:\Windows\System32\Wbem;C:\Windows\System32\WindowsPowerShell\v1.0\;C:\Windows\System32\OpenSSH\;C:\Program Files (x86)\NVIDIA Corporation\PhysX\Common;D:\Same Program\Git\cmd;C:\Program Files\NVIDIA Corporation\NVIDIA NvDLISR;C:\Program Files\dotnet\;D:\Same Program\XAMPP\php;C:\ProgramData\ComposerSetup\bin;D:\Same Program\Node\;C:\Program Files\Microsoft SQL Server\Client SDK\ODBC\170\Tools\Binn\;C:\Program Files\Microsoft SQL Server\150\Tools\Binn\;D:\Same Program\Program\Java\maven-3.9.0\bin\;C:\Users\\AppData\Local\Microsoft\WindowsApps;;D:\Same Program\PhpStorm 2022.3\bin;;C:\Users\\AppData\Roaming\Composer\vendor\bin;C:\Users\\AppData\Roaming\npm;D:\Same Program\Visual Studio Code\Microsoft VS Code\bin;C:\Users\\.dotnet\tools;D:\Same Program\Idea java\IntelliJ IDEA Community Edition 2022.3.2\bin;
USERNAME=
OS=Windows_NT
PROCESSOR_IDENTIFIER=Intel64 Family 6 Model 141 Stepping 1, GenuineIntel
TMP=C:\Users\71B3~1\AppData\Local\Temp
TEMP=C:\Users\71B3~1\AppData\Local\Temp



---------------  S Y S T E M  ---------------

OS:
 Windows 10 , 64 bit Build 19041 (10.0.19041.2546)
OS uptime: 10 days 2:35 hours

CPU: total 16 (initial active 16) (8 cores per cpu, 2 threads per core) family 6 model 141 stepping 1 microcode 0x34, cx8, cmov, fxsr, ht, mmx, 3dnowpref, sse, sse2, sse3, ssse3, sse4.1, sse4.2, popcnt, lzcnt, tsc, tscinvbit, avx, avx2, aes, erms, clmul, bmi1, bmi2, adx, avx512f, avx512dq, avx512cd, avx512bw, avx512vl, sha, fma, vzeroupper, avx512_vpopcntdq, avx512_vpclmulqdq, avx512_vaes, avx512_vnni, clflush, clflushopt, clwb, avx512_vbmi2, avx512_vbmi, rdtscp, rdpid, fsrm, gfni, avx512_bitalg

Memory: 4k page, system-wide physical 16085M (575M free)
TotalPageFile size 28803M (AvailPageFile size 84M)
current process WorkingSet (physical memory assigned to process): 468M, peak: 483M
current process commit charge ("private bytes"): 526M, peak: 541M

vm_info: Java HotSpot(TM) 64-Bit Server VM (19.0.2+7-44) for windows-amd64 JRE (19.0.2+7-44), built on 2022-11-30T18:02:09Z by "mach5one" with MS VC++ 17.1 (VS2022)

END.
