#
# There is insufficient memory for the Java Runtime Environment to continue.
# Native memory allocation (malloc) failed to allocate 1777136 bytes for Chunk::new
# Possible reasons:
#   The system is out of physical RAM or swap space
#   The process is running with CompressedOops enabled, and the Java Heap may be blocking the growth of the native heap
# Possible solutions:
#   Reduce memory load on the system
#   Increase physical memory or swap space
#   Check if swap backing store is full
#   Decrease Java heap size (-Xmx/-Xms)
#   Decrease number of Java threads
#   Decrease Java thread stack sizes (-Xss)
#   Set larger code cache with -XX:ReservedCodeCacheSize=
#   JVM is running with Zero Based Compressed Oops mode in which the Java heap is
#     placed in the first 32GB address space. The Java Heap base address is the
#     maximum limit for the native heap growth. Please use -XX:HeapBaseMinAddress
#     to set the Java Heap base and to place the Java Heap above 32GB virtual address.
# This output file may be truncated or incomplete.
#
#  Out of Memory Error (arena.cpp:184), pid=12280, tid=17832
#
# JRE version: Java(TM) SE Runtime Environment (19.0.2+7) (build 19.0.2+7-44)
# Java VM: Java HotSpot(TM) 64-Bit Server VM (19.0.2+7-44, mixed mode, sharing, tiered, compressed oops, compressed class ptrs, g1 gc, windows-amd64)
# No core dump will be written. Minidumps are not enabled by default on client versions of Windows
#

---------------  S U M M A R Y ------------

Command Line: -javaagent:D:\Same Program\Idea java\IntelliJ IDEA Community Edition 2022.3.2\lib\idea_rt.jar=57732:D:\Same Program\Idea java\IntelliJ IDEA Community Edition 2022.3.2\bin -Dfile.encoding=UTF-8 -Dsun.stdout.encoding=UTF-8 -Dsun.stderr.encoding=UTF-8 shop.Main

Host: 11th Gen Intel(R) Core(TM) i7-11800H @ 2.30GHz, 16 cores, 15G,  Windows 10 , 64 bit Build 19041 (10.0.19041.2546)
Time: Wed Mar 15 15:36:47 2023  Windows 10 , 64 bit Build 19041 (10.0.19041.2546) elapsed time: 14759.900715 seconds (0d 4h 5m 59s)

---------------  T H R E A D  ---------------

Current thread (0x000001ef883d7f30):  JavaThread "C2 CompilerThread0" daemon [_thread_in_native, id=17832, stack(0x000000eb76100000,0x000000eb76200000)]


Current CompileTask:
C2:14759900 13921   !   4       org.springframework.web.servlet.FrameworkServlet::processRequest (190 bytes)

Stack: [0x000000eb76100000,0x000000eb76200000]
Native frames: (J=compiled Java code, j=interpreted, Vv=VM code, C=native code)
V  [jvm.dll+0x6ee21a]
V  [jvm.dll+0x85765e]
V  [jvm.dll+0x85904e]
V  [jvm.dll+0x859703]
V  [jvm.dll+0x28298f]
V  [jvm.dll+0xc9adf]
V  [jvm.dll+0xc9e65]
V  [jvm.dll+0x3bca12]
V  [jvm.dll+0x3860e1]
V  [jvm.dll+0x38555a]
V  [jvm.dll+0x24c3d9]
V  [jvm.dll+0x24b781]
V  [jvm.dll+0x1d6ce1]
V  [jvm.dll+0x25b25a]
V  [jvm.dll+0x2596e8]
V  [jvm.dll+0x807588]
V  [jvm.dll+0x80125a]
V  [jvm.dll+0x6ecf0b]
C  [ucrtbase.dll+0x21bb2]
C  [KERNEL32.DLL+0x17614]
C  [ntdll.dll+0x526a1]


---------------  P R O C E S S  ---------------

Threads class SMR info:
_java_thread_list=0x000001ef8d4e59c0, length=31, elements={
0x000001ef883cec00, 0x000001ef883cfae0, 0x000001ef883d3ae0, 0x000001ef883d5510,
0x000001ef883d5f30, 0x000001ef883d6950, 0x000001ef883d7f30, 0x000001ef883d8ad0,
0x000001ef883fa200, 0x000001ef883a0c90, 0x000001ef8c8a1f80, 0x000001ef8c99fc40,
0x000001ef8e0d41a0, 0x000001ef91791fd0, 0x000001ef8e776a30, 0x000001ef8cfca960,
0x000001ef9174b5f0, 0x000001ef9174db20, 0x000001ef9174e070, 0x000001ef9174cb30,
0x000001ef9174d080, 0x000001ef9174e5c0, 0x000001ef9174d5d0, 0x000001ef9174eb10,
0x000001ef9174c090, 0x000001ef8dea68c0, 0x000001ef8dea4390, 0x000001ef8dea4e30,
0x000001ef8dea88a0, 0x000001ef8dea13c0, 0x000001ef8dea7360
}

Java Threads: ( => current thread )
  0x000001ef883cec00 JavaThread "Reference Handler" daemon [_thread_blocked, id=17856, stack(0x000000eb75b00000,0x000000eb75c00000)]
  0x000001ef883cfae0 JavaThread "Finalizer" daemon [_thread_blocked, id=14344, stack(0x000000eb75c00000,0x000000eb75d00000)]
  0x000001ef883d3ae0 JavaThread "Signal Dispatcher" daemon [_thread_blocked, id=16320, stack(0x000000eb75d00000,0x000000eb75e00000)]
  0x000001ef883d5510 JavaThread "Attach Listener" daemon [_thread_blocked, id=18176, stack(0x000000eb75e00000,0x000000eb75f00000)]
  0x000001ef883d5f30 JavaThread "Service Thread" daemon [_thread_blocked, id=8904, stack(0x000000eb75f00000,0x000000eb76000000)]
  0x000001ef883d6950 JavaThread "Monitor Deflation Thread" daemon [_thread_blocked, id=17348, stack(0x000000eb76000000,0x000000eb76100000)]
=>0x000001ef883d7f30 JavaThread "C2 CompilerThread0" daemon [_thread_in_native, id=17832, stack(0x000000eb76100000,0x000000eb76200000)]
  0x000001ef883d8ad0 JavaThread "C1 CompilerThread0" daemon [_thread_blocked, id=9252, stack(0x000000eb76200000,0x000000eb76300000)]
  0x000001ef883fa200 JavaThread "Sweeper thread" daemon [_thread_blocked, id=2024, stack(0x000000eb76300000,0x000000eb76400000)]
  0x000001ef883a0c90 JavaThread "Common-Cleaner" daemon [_thread_blocked, id=316, stack(0x000000eb76400000,0x000000eb76500000)]
  0x000001ef8c8a1f80 JavaThread "Monitor Ctrl-Break" daemon [_thread_in_native, id=17732, stack(0x000000eb76900000,0x000000eb76a00000)]
  0x000001ef8c99fc40 JavaThread "Notification Thread" daemon [_thread_blocked, id=7372, stack(0x000000eb76a00000,0x000000eb76b00000)]
  0x000001ef8e0d41a0 JavaThread "Catalina-utility-1" [_thread_blocked, id=17204, stack(0x000000eb77f00000,0x000000eb78000000)]
  0x000001ef91791fd0 JavaThread "Catalina-utility-2" [_thread_blocked, id=11736, stack(0x000000eb78000000,0x000000eb78100000)]
  0x000001ef8e776a30 JavaThread "container-0" [_thread_blocked, id=20944, stack(0x000000eb78100000,0x000000eb78200000)]
  0x000001ef8cfca960 JavaThread "HikariPool-1 housekeeper" daemon [_thread_blocked, id=5856, stack(0x000000eb78200000,0x000000eb78300000)]
  0x000001ef9174b5f0 JavaThread "http-nio-8081-exec-1" daemon [_thread_blocked, id=11436, stack(0x000000eb77700000,0x000000eb77800000)]
  0x000001ef9174db20 JavaThread "http-nio-8081-exec-2" daemon [_thread_blocked, id=17168, stack(0x000000eb78400000,0x000000eb78500000)]
  0x000001ef9174e070 JavaThread "http-nio-8081-exec-3" daemon [_thread_in_native, id=4848, stack(0x000000eb78500000,0x000000eb78600000)]
  0x000001ef9174cb30 JavaThread "http-nio-8081-exec-4" daemon [_thread_blocked, id=10876, stack(0x000000eb78600000,0x000000eb78700000)]
  0x000001ef9174d080 JavaThread "http-nio-8081-exec-5" daemon [_thread_blocked, id=20224, stack(0x000000eb78700000,0x000000eb78800000)]
  0x000001ef9174e5c0 JavaThread "http-nio-8081-exec-6" daemon [_thread_blocked, id=19832, stack(0x000000eb78800000,0x000000eb78900000)]
  0x000001ef9174d5d0 JavaThread "http-nio-8081-exec-7" daemon [_thread_blocked, id=6392, stack(0x000000eb78900000,0x000000eb78a00000)]
  0x000001ef9174eb10 JavaThread "http-nio-8081-exec-8" daemon [_thread_blocked, id=11804, stack(0x000000eb78a00000,0x000000eb78b00000)]
  0x000001ef9174c090 JavaThread "http-nio-8081-exec-9" daemon [_thread_blocked, id=1292, stack(0x000000eb78b00000,0x000000eb78c00000)]
  0x000001ef8dea68c0 JavaThread "http-nio-8081-exec-10" daemon [_thread_blocked, id=23408, stack(0x000000eb78c00000,0x000000eb78d00000)]
  0x000001ef8dea4390 JavaThread "http-nio-8081-Poller" daemon [_thread_in_native, id=2008, stack(0x000000eb78d00000,0x000000eb78e00000)]
  0x000001ef8dea4e30 JavaThread "http-nio-8081-Acceptor" daemon [_thread_in_native, id=15204, stack(0x000000eb78e00000,0x000000eb78f00000)]
  0x000001ef8dea88a0 JavaThread "DestroyJavaVM" [_thread_blocked, id=21004, stack(0x000000eb75400000,0x000000eb75500000)]
  0x000001ef8dea13c0 JavaThread "Java2D Disposer" daemon [_thread_blocked, id=4512, stack(0x000000eb75200000,0x000000eb75300000)]
  0x000001ef8dea7360 JavaThread "HikariPool-1 connection adder" daemon [_thread_blocked, id=12856, stack(0x000000eb76700000,0x000000eb76800000)]

Other Threads:
  0x000001ef883b3a40 VMThread "VM Thread" [stack: 0x000000eb75a00000,0x000000eb75b00000] [id=13400]
  0x000001ef8c768840 WatcherThread "VM Periodic Task Thread" [stack: 0x000000eb76b00000,0x000000eb76c00000] [id=11960]
  0x000001efe467c6d0 WorkerThread "GC Thread#0" [stack: 0x000000eb75500000,0x000000eb75600000] [id=12984]
  0x000001ef8cdfada0 WorkerThread "GC Thread#1" [stack: 0x000000eb76c00000,0x000000eb76d00000] [id=8880]
  0x000001ef8cdfa800 WorkerThread "GC Thread#2" [stack: 0x000000eb76d00000,0x000000eb76e00000] [id=22152]
  0x000001ef8cdfb070 WorkerThread "GC Thread#3" [stack: 0x000000eb76e00000,0x000000eb76f00000] [id=23392]
  0x000001ef8cdfb340 WorkerThread "GC Thread#4" [stack: 0x000000eb76f00000,0x000000eb77000000] [id=14060]
  0x000001ef8cdf9cc0 WorkerThread "GC Thread#5" [stack: 0x000000eb77000000,0x000000eb77100000] [id=21148]
  0x000001ef8cdfa260 WorkerThread "GC Thread#6" [stack: 0x000000eb77300000,0x000000eb77400000] [id=22968]
  0x000001ef8cdfb8e0 WorkerThread "GC Thread#7" [stack: 0x000000eb77400000,0x000000eb77500000] [id=13592]
  0x000001ef8cdfa530 WorkerThread "GC Thread#8" [stack: 0x000000eb77500000,0x000000eb77600000] [id=13632]
  0x000001ef8d891f10 WorkerThread "GC Thread#9" [stack: 0x000000eb77900000,0x000000eb77a00000] [id=6816]
  0x000001ef8d893590 WorkerThread "GC Thread#10" [stack: 0x000000eb77a00000,0x000000eb77b00000] [id=6732]
  0x000001ef8d893860 WorkerThread "GC Thread#11" [stack: 0x000000eb77b00000,0x000000eb77c00000] [id=13108]
  0x000001ef8d893b30 WorkerThread "GC Thread#12" [stack: 0x000000eb77c00000,0x000000eb77d00000] [id=3900]
  0x000001efe468d320 ConcurrentGCThread "G1 Main Marker" [stack: 0x000000eb75600000,0x000000eb75700000] [id=21372]
  0x000001efe468f500 WorkerThread "G1 Conc#0" [stack: 0x000000eb75700000,0x000000eb75800000] [id=6856]
  0x000001ef8d8924b0 WorkerThread "G1 Conc#1" [stack: 0x000000eb77d00000,0x000000eb77e00000] [id=12536]
  0x000001ef8d892780 WorkerThread "G1 Conc#2" [stack: 0x000000eb77e00000,0x000000eb77f00000] [id=21920]
  0x000001ef88269f40 ConcurrentGCThread "G1 Refine#0" [stack: 0x000000eb75800000,0x000000eb75900000] [id=10440]
  0x000001ef8826a890 ConcurrentGCThread "G1 Service" [stack: 0x000000eb75900000,0x000000eb75a00000] [id=3156]

Threads with active compile tasks:
C2 CompilerThread0  14759926 13921   !   4       org.springframework.web.servlet.FrameworkServlet::processRequest (190 bytes)

VM state: not at safepoint (normal execution)

VM Mutex/Monitor currently owned by a thread: None

Heap address: 0x0000000704a00000, size: 4022 MB, Compressed Oops mode: Zero based, Oop shift amount: 3

CDS archive(s) mapped at: [0x0000000800000000-0x0000000800c40000-0x0000000800c40000), size 12845056, SharedBaseAddress: 0x0000000800000000, ArchiveRelocationMode: 0.
Compressed class space mapped at: 0x0000000801000000-0x0000000841000000, reserved size: 1073741824
Narrow klass base: 0x0000000800000000, Narrow klass shift: 0, Narrow klass range: 0x100000000

GC Precious Log:
 CardTable entry size: 512
 Card Set container configuration: InlinePtr #cards 4 size 8 Array Of Cards #cards 16 size 48 Howl #buckets 8 coarsen threshold 3686 Howl Bitmap #cards 512 size 80 coarsen threshold 460 Card regions per heap region 1 cards per card region 4096
 CPUs: 16 total, 16 available
 Memory: 16085M
 Large Page Support: Disabled
 NUMA Support: Disabled
 Compressed Oops: Enabled (Zero based)
 Heap Region Size: 2M
 Heap Min Capacity: 8M
 Heap Initial Capacity: 252M
 Heap Max Capacity: 4022M
 Pre-touch: Disabled
 Parallel Workers: 13
 Concurrent Workers: 3
 Concurrent Refinement Workers: 13
 Periodic GC: Disabled

Heap:
 garbage-first heap   total 305152K, used 254444K [0x0000000704a00000, 0x0000000800000000)
  region size 2048K, 42 young (86016K), 1 survivors (2048K)
 Metaspace       used 75000K, committed 75968K, reserved 1179648K
  class space    used 9185K, committed 9728K, reserved 1048576K

Heap Regions: E=young(eden), S=young(survivor), O=old, HS=humongous(starts), HC=humongous(continues), CS=collection set, F=free, OA=open archive, CA=closed archive, TAMS=top-at-mark-start (previous, next)
|   0|0x0000000704a00000, 0x0000000704c00000, 0x0000000704c00000|100%| O|  |TAMS 0x0000000704c00000, 0x0000000704a00000| Untracked 
|   1|0x0000000704c00000, 0x0000000704e00000, 0x0000000704e00000|100%| O|  |TAMS 0x0000000704e00000, 0x0000000704c00000| Untracked 
|   2|0x0000000704e00000, 0x0000000705000000, 0x0000000705000000|100%| O|  |TAMS 0x0000000705000000, 0x0000000704e00000| Untracked 
|   3|0x0000000705000000, 0x0000000705200000, 0x0000000705200000|100%| O|  |TAMS 0x0000000705200000, 0x0000000705000000| Untracked 
|   4|0x0000000705200000, 0x0000000705400000, 0x0000000705400000|100%| O|  |TAMS 0x0000000705400000, 0x0000000705200000| Untracked 
|   5|0x0000000705400000, 0x0000000705600000, 0x0000000705600000|100%| O|  |TAMS 0x0000000705600000, 0x0000000705400000| Untracked 
|   6|0x0000000705600000, 0x0000000705800000, 0x0000000705800000|100%| O|  |TAMS 0x0000000705800000, 0x0000000705600000| Untracked 
|   7|0x0000000705800000, 0x00000007059a8e00, 0x0000000705a00000| 82%| O|  |TAMS 0x0000000705800000, 0x0000000705800000| Untracked 
|   8|0x0000000705a00000, 0x0000000705c00000, 0x0000000705c00000|100%| O|  |TAMS 0x0000000705c00000, 0x0000000705a00000| Untracked 
|   9|0x0000000705c00000, 0x0000000705e00000, 0x0000000705e00000|100%| O|  |TAMS 0x0000000705e00000, 0x0000000705c00000| Untracked 
|  10|0x0000000705e00000, 0x0000000706000000, 0x0000000706000000|100%| O|  |TAMS 0x0000000706000000, 0x0000000705e00000| Untracked 
|  11|0x0000000706000000, 0x0000000706200000, 0x0000000706200000|100%| O|  |TAMS 0x0000000706200000, 0x0000000706000000| Untracked 
|  12|0x0000000706200000, 0x0000000706200000, 0x0000000706400000|  0%| F|  |TAMS 0x0000000706200000, 0x0000000706200000| Untracked 
|  13|0x0000000706400000, 0x0000000706600000, 0x0000000706600000|100%| O|  |TAMS 0x0000000706600000, 0x0000000706400000| Untracked 
|  14|0x0000000706600000, 0x0000000706800000, 0x0000000706800000|100%| O|  |TAMS 0x0000000706800000, 0x0000000706600000| Untracked 
|  15|0x0000000706800000, 0x0000000706a00000, 0x0000000706a00000|100%| O|  |TAMS 0x0000000706a00000, 0x0000000706800000| Untracked 
|  16|0x0000000706a00000, 0x0000000706c00000, 0x0000000706c00000|100%| O|  |TAMS 0x0000000706c00000, 0x0000000706a00000| Untracked 
|  17|0x0000000706c00000, 0x0000000706c00000, 0x0000000706e00000|  0%| F|  |TAMS 0x0000000706c00000, 0x0000000706c00000| Untracked 
|  18|0x0000000706e00000, 0x0000000706e00000, 0x0000000707000000|  0%| F|  |TAMS 0x0000000706e00000, 0x0000000706e00000| Untracked 
|  19|0x0000000707000000, 0x0000000707000000, 0x0000000707200000|  0%| F|  |TAMS 0x0000000707000000, 0x0000000707000000| Untracked 
|  20|0x0000000707200000, 0x0000000707400000, 0x0000000707400000|100%| O|  |TAMS 0x0000000707213e00, 0x0000000707200000| Untracked 
|  21|0x0000000707400000, 0x0000000707400000, 0x0000000707600000|  0%| F|  |TAMS 0x0000000707400000, 0x0000000707400000| Untracked 
|  22|0x0000000707600000, 0x0000000707600000, 0x0000000707800000|  0%| F|  |TAMS 0x0000000707600000, 0x0000000707600000| Untracked 
|  23|0x0000000707800000, 0x0000000707800000, 0x0000000707a00000|  0%| F|  |TAMS 0x0000000707800000, 0x0000000707800000| Untracked 
|  24|0x0000000707a00000, 0x0000000707a00000, 0x0000000707c00000|  0%| F|  |TAMS 0x0000000707a00000, 0x0000000707a00000| Untracked 
|  25|0x0000000707c00000, 0x0000000707e00000, 0x0000000707e00000|100%|HS|  |TAMS 0x0000000707e00000, 0x0000000707c00000| Complete 
|  26|0x0000000707e00000, 0x0000000708000000, 0x0000000708000000|100%|HC|  |TAMS 0x0000000708000000, 0x0000000707e00000| Complete 
|  27|0x0000000708000000, 0x0000000708200000, 0x0000000708200000|100%|HC|  |TAMS 0x0000000708200000, 0x0000000708000000| Complete 
|  28|0x0000000708200000, 0x0000000708400000, 0x0000000708400000|100%|HC|  |TAMS 0x0000000708400000, 0x0000000708200000| Complete 
|  29|0x0000000708400000, 0x0000000708600000, 0x0000000708600000|100%|HC|  |TAMS 0x0000000708600000, 0x0000000708400000| Complete 
|  30|0x0000000708600000, 0x0000000708800000, 0x0000000708800000|100%|HC|  |TAMS 0x0000000708800000, 0x0000000708600000| Complete 
|  31|0x0000000708800000, 0x0000000708a00000, 0x0000000708a00000|100%|HC|  |TAMS 0x0000000708a00000, 0x0000000708800000| Complete 
|  32|0x0000000708a00000, 0x0000000708c00000, 0x0000000708c00000|100%|HC|  |TAMS 0x0000000708c00000, 0x0000000708a00000| Complete 
|  33|0x0000000708c00000, 0x0000000708e00000, 0x0000000708e00000|100%|HC|  |TAMS 0x0000000708e00000, 0x0000000708c00000| Complete 
|  34|0x0000000708e00000, 0x0000000709000000, 0x0000000709000000|100%|HC|  |TAMS 0x0000000709000000, 0x0000000708e00000| Complete 
|  35|0x0000000709000000, 0x0000000709200000, 0x0000000709200000|100%|HC|  |TAMS 0x0000000709200000, 0x0000000709000000| Complete 
|  36|0x0000000709200000, 0x0000000709200000, 0x0000000709400000|  0%| F|  |TAMS 0x0000000709200000, 0x0000000709200000| Untracked 
|  37|0x0000000709400000, 0x0000000709400000, 0x0000000709600000|  0%| F|  |TAMS 0x0000000709400000, 0x0000000709400000| Untracked 
|  38|0x0000000709600000, 0x0000000709600000, 0x0000000709800000|  0%| F|  |TAMS 0x0000000709600000, 0x0000000709600000| Untracked 
|  39|0x0000000709800000, 0x0000000709800000, 0x0000000709a00000|  0%| F|  |TAMS 0x0000000709800000, 0x0000000709800000| Untracked 
|  40|0x0000000709a00000, 0x0000000709a00000, 0x0000000709c00000|  0%| F|  |TAMS 0x0000000709a00000, 0x0000000709a00000| Untracked 
|  41|0x0000000709c00000, 0x0000000709e00000, 0x0000000709e00000|100%|HS|  |TAMS 0x0000000709e00000, 0x0000000709c00000| Complete 
|  42|0x0000000709e00000, 0x000000070a000000, 0x000000070a000000|100%|HC|  |TAMS 0x000000070a000000, 0x0000000709e00000| Complete 
|  43|0x000000070a000000, 0x000000070a200000, 0x000000070a200000|100%|HC|  |TAMS 0x000000070a200000, 0x000000070a000000| Complete 
|  44|0x000000070a200000, 0x000000070a400000, 0x000000070a400000|100%|HC|  |TAMS 0x000000070a400000, 0x000000070a200000| Complete 
|  45|0x000000070a400000, 0x000000070a600000, 0x000000070a600000|100%|HC|  |TAMS 0x000000070a600000, 0x000000070a400000| Complete 
|  46|0x000000070a600000, 0x000000070a800000, 0x000000070a800000|100%|HC|  |TAMS 0x000000070a800000, 0x000000070a600000| Complete 
|  47|0x000000070a800000, 0x000000070aa00000, 0x000000070aa00000|100%|HC|  |TAMS 0x000000070aa00000, 0x000000070a800000| Complete 
|  48|0x000000070aa00000, 0x000000070ac00000, 0x000000070ac00000|100%|HC|  |TAMS 0x000000070ac00000, 0x000000070aa00000| Complete 
|  49|0x000000070ac00000, 0x000000070ae00000, 0x000000070ae00000|100%|HC|  |TAMS 0x000000070ae00000, 0x000000070ac00000| Complete 
|  50|0x000000070ae00000, 0x000000070b000000, 0x000000070b000000|100%|HC|  |TAMS 0x000000070b000000, 0x000000070ae00000| Complete 
|  51|0x000000070b000000, 0x000000070b200000, 0x000000070b200000|100%|HC|  |TAMS 0x000000070b200000, 0x000000070b000000| Complete 
|  52|0x000000070b200000, 0x000000070b400000, 0x000000070b400000|100%| O|  |TAMS 0x000000070b400000, 0x000000070b200000| Untracked 
|  53|0x000000070b400000, 0x000000070b400000, 0x000000070b600000|  0%| F|  |TAMS 0x000000070b400000, 0x000000070b400000| Untracked 
|  54|0x000000070b600000, 0x000000070b600000, 0x000000070b800000|  0%| F|  |TAMS 0x000000070b600000, 0x000000070b600000| Untracked 
|  55|0x000000070b800000, 0x000000070ba00000, 0x000000070ba00000|100%|HS|  |TAMS 0x000000070ba00000, 0x000000070b800000| Complete 
|  56|0x000000070ba00000, 0x000000070bc00000, 0x000000070bc00000|100%|HC|  |TAMS 0x000000070bc00000, 0x000000070ba00000| Complete 
|  57|0x000000070bc00000, 0x000000070be00000, 0x000000070be00000|100%|HC|  |TAMS 0x000000070be00000, 0x000000070bc00000| Complete 
|  58|0x000000070be00000, 0x000000070c000000, 0x000000070c000000|100%|HC|  |TAMS 0x000000070c000000, 0x000000070be00000| Complete 
|  59|0x000000070c000000, 0x000000070c200000, 0x000000070c200000|100%|HC|  |TAMS 0x000000070c200000, 0x000000070c000000| Complete 
|  60|0x000000070c200000, 0x000000070c400000, 0x000000070c400000|100%|HC|  |TAMS 0x000000070c400000, 0x000000070c200000| Complete 
|  61|0x000000070c400000, 0x000000070c600000, 0x000000070c600000|100%|HC|  |TAMS 0x000000070c600000, 0x000000070c400000| Complete 
|  62|0x000000070c600000, 0x000000070c800000, 0x000000070c800000|100%|HC|  |TAMS 0x000000070c800000, 0x000000070c600000| Complete 
|  63|0x000000070c800000, 0x000000070ca00000, 0x000000070ca00000|100%|HC|  |TAMS 0x000000070ca00000, 0x000000070c800000| Complete 
|  64|0x000000070ca00000, 0x000000070cc00000, 0x000000070cc00000|100%|HC|  |TAMS 0x000000070cc00000, 0x000000070ca00000| Complete 
|  65|0x000000070cc00000, 0x000000070ce00000, 0x000000070ce00000|100%|HC|  |TAMS 0x000000070ce00000, 0x000000070cc00000| Complete 
|  66|0x000000070ce00000, 0x000000070d000000, 0x000000070d000000|100%|HS|  |TAMS 0x000000070ce00000, 0x000000070ce00000| Complete 
|  67|0x000000070d000000, 0x000000070d200000, 0x000000070d200000|100%|HC|  |TAMS 0x000000070d000000, 0x000000070d000000| Complete 
|  68|0x000000070d200000, 0x000000070d400000, 0x000000070d400000|100%|HC|  |TAMS 0x000000070d200000, 0x000000070d200000| Complete 
|  69|0x000000070d400000, 0x000000070d600000, 0x000000070d600000|100%|HC|  |TAMS 0x000000070d400000, 0x000000070d400000| Complete 
|  70|0x000000070d600000, 0x000000070d800000, 0x000000070d800000|100%|HC|  |TAMS 0x000000070d600000, 0x000000070d600000| Complete 
|  71|0x000000070d800000, 0x000000070da00000, 0x000000070da00000|100%|HC|  |TAMS 0x000000070d800000, 0x000000070d800000| Complete 
|  72|0x000000070da00000, 0x000000070dc00000, 0x000000070dc00000|100%|HC|  |TAMS 0x000000070da00000, 0x000000070da00000| Complete 
|  73|0x000000070dc00000, 0x000000070de00000, 0x000000070de00000|100%|HC|  |TAMS 0x000000070dc00000, 0x000000070dc00000| Complete 
|  74|0x000000070de00000, 0x000000070e000000, 0x000000070e000000|100%|HC|  |TAMS 0x000000070de00000, 0x000000070de00000| Complete 
|  75|0x000000070e000000, 0x000000070e200000, 0x000000070e200000|100%|HC|  |TAMS 0x000000070e000000, 0x000000070e000000| Complete 
|  76|0x000000070e200000, 0x000000070e400000, 0x000000070e400000|100%|HC|  |TAMS 0x000000070e200000, 0x000000070e200000| Complete 
|  77|0x000000070e400000, 0x000000070e600000, 0x000000070e600000|100%|HS|  |TAMS 0x000000070e400000, 0x000000070e400000| Complete 
|  78|0x000000070e600000, 0x000000070e800000, 0x000000070e800000|100%|HC|  |TAMS 0x000000070e600000, 0x000000070e600000| Complete 
|  79|0x000000070e800000, 0x000000070ea00000, 0x000000070ea00000|100%|HC|  |TAMS 0x000000070e800000, 0x000000070e800000| Complete 
|  80|0x000000070ea00000, 0x000000070ec00000, 0x000000070ec00000|100%|HC|  |TAMS 0x000000070ea00000, 0x000000070ea00000| Complete 
|  81|0x000000070ec00000, 0x000000070ee00000, 0x000000070ee00000|100%|HC|  |TAMS 0x000000070ec00000, 0x000000070ec00000| Complete 
|  82|0x000000070ee00000, 0x000000070f000000, 0x000000070f000000|100%|HC|  |TAMS 0x000000070ee00000, 0x000000070ee00000| Complete 
|  83|0x000000070f000000, 0x000000070f200000, 0x000000070f200000|100%|HC|  |TAMS 0x000000070f000000, 0x000000070f000000| Complete 
|  84|0x000000070f200000, 0x000000070f400000, 0x000000070f400000|100%|HC|  |TAMS 0x000000070f200000, 0x000000070f200000| Complete 
|  85|0x000000070f400000, 0x000000070f600000, 0x000000070f600000|100%|HC|  |TAMS 0x000000070f400000, 0x000000070f400000| Complete 
|  86|0x000000070f600000, 0x000000070f800000, 0x000000070f800000|100%|HC|  |TAMS 0x000000070f600000, 0x000000070f600000| Complete 
|  87|0x000000070f800000, 0x000000070fa00000, 0x000000070fa00000|100%|HC|  |TAMS 0x000000070f800000, 0x000000070f800000| Complete 
|  88|0x000000070fa00000, 0x000000070fc00000, 0x000000070fc00000|100%|HS|  |TAMS 0x000000070fa00000, 0x000000070fa00000| Complete 
|  89|0x000000070fc00000, 0x000000070fe00000, 0x000000070fe00000|100%|HC|  |TAMS 0x000000070fc00000, 0x000000070fc00000| Complete 
|  90|0x000000070fe00000, 0x0000000710000000, 0x0000000710000000|100%|HC|  |TAMS 0x000000070fe00000, 0x000000070fe00000| Complete 
|  91|0x0000000710000000, 0x0000000710200000, 0x0000000710200000|100%|HC|  |TAMS 0x0000000710000000, 0x0000000710000000| Complete 
|  92|0x0000000710200000, 0x0000000710400000, 0x0000000710400000|100%|HC|  |TAMS 0x0000000710200000, 0x0000000710200000| Complete 
|  93|0x0000000710400000, 0x0000000710600000, 0x0000000710600000|100%|HC|  |TAMS 0x0000000710400000, 0x0000000710400000| Complete 
|  94|0x0000000710600000, 0x0000000710800000, 0x0000000710800000|100%|HC|  |TAMS 0x0000000710600000, 0x0000000710600000| Complete 
|  95|0x0000000710800000, 0x0000000710a00000, 0x0000000710a00000|100%|HC|  |TAMS 0x0000000710800000, 0x0000000710800000| Complete 
|  96|0x0000000710a00000, 0x0000000710c00000, 0x0000000710c00000|100%|HC|  |TAMS 0x0000000710a00000, 0x0000000710a00000| Complete 
|  97|0x0000000710c00000, 0x0000000710e00000, 0x0000000710e00000|100%|HC|  |TAMS 0x0000000710c00000, 0x0000000710c00000| Complete 
|  98|0x0000000710e00000, 0x0000000711000000, 0x0000000711000000|100%|HC|  |TAMS 0x0000000710e00000, 0x0000000710e00000| Complete 
|  99|0x0000000711000000, 0x0000000711000000, 0x0000000711200000|  0%| F|  |TAMS 0x0000000711000000, 0x0000000711000000| Untracked 
| 100|0x0000000711200000, 0x0000000711200000, 0x0000000711400000|  0%| F|  |TAMS 0x0000000711200000, 0x0000000711200000| Untracked 
| 101|0x0000000711400000, 0x0000000711400000, 0x0000000711600000|  0%| F|  |TAMS 0x0000000711400000, 0x0000000711400000| Untracked 
| 102|0x0000000711600000, 0x00000007116d2558, 0x0000000711800000| 41%| S|CS|TAMS 0x0000000711600000, 0x0000000711600000| Complete 
| 103|0x0000000711800000, 0x0000000711800000, 0x0000000711a00000|  0%| F|  |TAMS 0x0000000711800000, 0x0000000711800000| Untracked 
| 104|0x0000000711a00000, 0x0000000711a00000, 0x0000000711c00000|  0%| F|  |TAMS 0x0000000711a00000, 0x0000000711a00000| Untracked 
| 105|0x0000000711c00000, 0x0000000711c00000, 0x0000000711e00000|  0%| F|  |TAMS 0x0000000711c00000, 0x0000000711c00000| Untracked 
| 106|0x0000000711e00000, 0x0000000711e00000, 0x0000000712000000|  0%| F|  |TAMS 0x0000000711e00000, 0x0000000711e00000| Untracked 
| 107|0x0000000712000000, 0x0000000712000000, 0x0000000712200000|  0%| F|  |TAMS 0x0000000712000000, 0x0000000712000000| Untracked 
| 108|0x0000000712200000, 0x00000007122c6110, 0x0000000712400000| 38%| E|  |TAMS 0x0000000712200000, 0x0000000712200000| Complete 
| 109|0x0000000712400000, 0x0000000712600000, 0x0000000712600000|100%| E|CS|TAMS 0x0000000712400000, 0x0000000712400000| Complete 
| 110|0x0000000712600000, 0x0000000712800000, 0x0000000712800000|100%| E|CS|TAMS 0x0000000712600000, 0x0000000712600000| Complete 
| 111|0x0000000712800000, 0x0000000712a00000, 0x0000000712a00000|100%| E|CS|TAMS 0x0000000712800000, 0x0000000712800000| Complete 
| 112|0x0000000712a00000, 0x0000000712c00000, 0x0000000712c00000|100%| E|CS|TAMS 0x0000000712a00000, 0x0000000712a00000| Complete 
| 113|0x0000000712c00000, 0x0000000712e00000, 0x0000000712e00000|100%| E|CS|TAMS 0x0000000712c00000, 0x0000000712c00000| Complete 
| 114|0x0000000712e00000, 0x0000000713000000, 0x0000000713000000|100%| E|CS|TAMS 0x0000000712e00000, 0x0000000712e00000| Complete 
| 115|0x0000000713000000, 0x0000000713200000, 0x0000000713200000|100%| E|CS|TAMS 0x0000000713000000, 0x0000000713000000| Complete 
| 116|0x0000000713200000, 0x0000000713400000, 0x0000000713400000|100%| E|CS|TAMS 0x0000000713200000, 0x0000000713200000| Complete 
| 117|0x0000000713400000, 0x0000000713600000, 0x0000000713600000|100%| E|CS|TAMS 0x0000000713400000, 0x0000000713400000| Complete 
| 118|0x0000000713600000, 0x0000000713800000, 0x0000000713800000|100%| E|CS|TAMS 0x0000000713600000, 0x0000000713600000| Complete 
| 119|0x0000000713800000, 0x0000000713a00000, 0x0000000713a00000|100%| E|CS|TAMS 0x0000000713800000, 0x0000000713800000| Complete 
| 120|0x0000000713a00000, 0x0000000713c00000, 0x0000000713c00000|100%| E|CS|TAMS 0x0000000713a00000, 0x0000000713a00000| Complete 
| 121|0x0000000713c00000, 0x0000000713e00000, 0x0000000713e00000|100%| E|CS|TAMS 0x0000000713c00000, 0x0000000713c00000| Complete 
| 122|0x0000000713e00000, 0x0000000714000000, 0x0000000714000000|100%| E|CS|TAMS 0x0000000713e00000, 0x0000000713e00000| Complete 
| 123|0x0000000714000000, 0x0000000714200000, 0x0000000714200000|100%| E|CS|TAMS 0x0000000714000000, 0x0000000714000000| Complete 
| 124|0x0000000714200000, 0x0000000714400000, 0x0000000714400000|100%| E|CS|TAMS 0x0000000714200000, 0x0000000714200000| Complete 
| 125|0x0000000714400000, 0x0000000714600000, 0x0000000714600000|100%| E|CS|TAMS 0x0000000714400000, 0x0000000714400000| Complete 
| 126|0x0000000714600000, 0x0000000714800000, 0x0000000714800000|100%| E|CS|TAMS 0x0000000714600000, 0x0000000714600000| Complete 
| 127|0x0000000714800000, 0x0000000714a00000, 0x0000000714a00000|100%| E|CS|TAMS 0x0000000714800000, 0x0000000714800000| Complete 
| 128|0x0000000714a00000, 0x0000000714c00000, 0x0000000714c00000|100%| E|CS|TAMS 0x0000000714a00000, 0x0000000714a00000| Complete 
| 129|0x0000000714c00000, 0x0000000714e00000, 0x0000000714e00000|100%| E|CS|TAMS 0x0000000714c00000, 0x0000000714c00000| Complete 
| 130|0x0000000714e00000, 0x0000000715000000, 0x0000000715000000|100%| E|CS|TAMS 0x0000000714e00000, 0x0000000714e00000| Complete 
| 131|0x0000000715000000, 0x0000000715200000, 0x0000000715200000|100%| E|CS|TAMS 0x0000000715000000, 0x0000000715000000| Complete 
| 132|0x0000000715200000, 0x0000000715400000, 0x0000000715400000|100%| E|CS|TAMS 0x0000000715200000, 0x0000000715200000| Complete 
| 133|0x0000000715400000, 0x0000000715600000, 0x0000000715600000|100%| E|CS|TAMS 0x0000000715400000, 0x0000000715400000| Complete 
| 134|0x0000000715600000, 0x0000000715800000, 0x0000000715800000|100%| E|CS|TAMS 0x0000000715600000, 0x0000000715600000| Complete 
| 135|0x0000000715800000, 0x0000000715a00000, 0x0000000715a00000|100%| E|CS|TAMS 0x0000000715800000, 0x0000000715800000| Complete 
| 136|0x0000000715a00000, 0x0000000715c00000, 0x0000000715c00000|100%| E|CS|TAMS 0x0000000715a00000, 0x0000000715a00000| Complete 
| 137|0x0000000715c00000, 0x0000000715e00000, 0x0000000715e00000|100%| E|CS|TAMS 0x0000000715c00000, 0x0000000715c00000| Complete 
| 138|0x0000000715e00000, 0x0000000716000000, 0x0000000716000000|100%| E|CS|TAMS 0x0000000715e00000, 0x0000000715e00000| Complete 
| 139|0x0000000716000000, 0x0000000716200000, 0x0000000716200000|100%| E|CS|TAMS 0x0000000716000000, 0x0000000716000000| Complete 
| 140|0x0000000716200000, 0x0000000716400000, 0x0000000716400000|100%| E|CS|TAMS 0x0000000716200000, 0x0000000716200000| Complete 
| 141|0x0000000716400000, 0x0000000716600000, 0x0000000716600000|100%| E|CS|TAMS 0x0000000716400000, 0x0000000716400000| Complete 
| 142|0x0000000716600000, 0x0000000716800000, 0x0000000716800000|100%| E|CS|TAMS 0x0000000716600000, 0x0000000716600000| Complete 
| 143|0x0000000716800000, 0x0000000716a00000, 0x0000000716a00000|100%| E|CS|TAMS 0x0000000716800000, 0x0000000716800000| Complete 
| 144|0x0000000716a00000, 0x0000000716c00000, 0x0000000716c00000|100%| E|CS|TAMS 0x0000000716a00000, 0x0000000716a00000| Complete 
| 145|0x0000000716c00000, 0x0000000716e00000, 0x0000000716e00000|100%| E|CS|TAMS 0x0000000716c00000, 0x0000000716c00000| Complete 
| 146|0x0000000716e00000, 0x0000000717000000, 0x0000000717000000|100%| E|CS|TAMS 0x0000000716e00000, 0x0000000716e00000| Complete 
| 147|0x0000000717000000, 0x0000000717200000, 0x0000000717200000|100%| E|CS|TAMS 0x0000000717000000, 0x0000000717000000| Complete 
| 148|0x0000000717200000, 0x0000000717400000, 0x0000000717400000|100%| E|CS|TAMS 0x0000000717200000, 0x0000000717200000| Complete 

Card table byte_map: [0x000001effc5d0000,0x000001effcdb0000] _byte_map_base: 0x000001eff8dab000

Marking Bits (Prev, Next): (CMBitMap*) 0x000001efe467cd40, (CMBitMap*) 0x000001efe467cd00
 Prev Bits: [0x000001ef83ee0000, 0x000001ef87db8000)
 Next Bits: [0x000001ef80000000, 0x000001ef83ed8000)

Polling page: 0x000001efe2320000

Metaspace:

Usage:
  Non-class:     64.27 MB used.
      Class:      8.97 MB used.
       Both:     73.24 MB used.

Virtual space:
  Non-class space:      128.00 MB reserved,      64.69 MB ( 51%) committed,  2 nodes.
      Class space:        1.00 GB reserved,       9.50 MB ( <1%) committed,  1 nodes.
             Both:        1.12 GB reserved,      74.19 MB (  6%) committed. 

Chunk freelists:
   Non-Class:  2.95 MB
       Class:  2.77 MB
        Both:  5.73 MB

MaxMetaspaceSize: unlimited
CompressedClassSpaceSize: 1.00 GB
Initial GC threshold: 21.00 MB
Current GC threshold: 123.12 MB
CDS: on
MetaspaceReclaimPolicy: balanced
 - commit_granule_bytes: 65536.
 - commit_granule_words: 8192.
 - virtual_space_node_default_size: 8388608.
 - enlarge_chunks_in_place: 1.
 - new_chunks_are_fully_committed: 0.
 - uncommit_free_chunks: 1.
 - use_allocation_guard: 0.


Internal statistics:

num_allocs_failed_limit: 9.
num_arena_births: 1320.
num_arena_deaths: 454.
num_vsnodes_births: 3.
num_vsnodes_deaths: 0.
num_space_committed: 1187.
num_space_uncommitted: 0.
num_chunks_returned_to_freelist: 475.
num_chunks_taken_from_freelist: 4157.
num_chunk_merges: 128.
num_chunk_splits: 2910.
num_chunks_enlarged: 2279.
num_inconsistent_stats: 0.

CodeHeap 'non-profiled nmethods': size=119168Kb used=10012Kb max_used=10012Kb free=109155Kb
 bounds [0x000001eff4110000, 0x000001eff4ae0000, 0x000001effb570000]
CodeHeap 'profiled nmethods': size=119104Kb used=23891Kb max_used=26350Kb free=95212Kb
 bounds [0x000001efec570000, 0x000001efedf30000, 0x000001eff39c0000]
CodeHeap 'non-nmethods': size=7488Kb used=1477Kb max_used=3233Kb free=6011Kb
 bounds [0x000001eff39c0000, 0x000001eff3cf0000, 0x000001eff4110000]
 total_blobs=12467 nmethods=11743 adapters=633
 compilation: enabled
              stopped_count=0, restarted_count=0
 full_count=0

Compilation events (20 events):
Event: 14759.544 Thread 0x000001ef883d7f30 nmethod 13911 0x000001eff4abbe10 code [0x000001eff4abc680, 0x000001eff4ac3f40]
Event: 14759.545 Thread 0x000001ef883d7f30 13913       4       org.apache.catalina.mapper.Mapper::internalMapExtensionWrapper (212 bytes)
Event: 14759.549 Thread 0x000001ef883d7f30 nmethod 13913 0x000001eff4ac8690 code [0x000001eff4ac8840, 0x000001eff4ac8be8]
Event: 14759.549 Thread 0x000001ef883d7f30 13912  s    4       org.apache.tomcat.util.collections.SynchronizedQueue::poll (61 bytes)
Event: 14759.550 Thread 0x000001ef883d7f30 nmethod 13912 0x000001eff4ac8f90 code [0x000001eff4ac9120, 0x000001eff4ac93b8]
Event: 14759.552 Thread 0x000001ef883d7f30 13914       4       jakarta.servlet.ServletRequestWrapper::<init> (30 bytes)
Event: 14759.553 Thread 0x000001ef883d7f30 nmethod 13914 0x000001eff4ac9510 code [0x000001eff4ac96a0, 0x000001eff4ac97f8]
Event: 14759.556 Thread 0x000001ef883d7f30 13915       4       org.apache.tomcat.util.buf.CharChunk::startsWithIgnoreCase (83 bytes)
Event: 14759.561 Thread 0x000001ef883d7f30 nmethod 13915 0x000001eff4ac9890 code [0x000001eff4ac9a20, 0x000001eff4ac9cf8]
Event: 14759.564 Thread 0x000001ef883d7f30 13916       4       org.springframework.core.convert.support.GenericConversionService::convert (113 bytes)
Event: 14759.617 Thread 0x000001ef883d7f30 nmethod 13916 0x000001eff4ac9f10 code [0x000001eff4aca200, 0x000001eff4acc260]
Event: 14759.617 Thread 0x000001ef883d7f30 13917   !   4       org.springframework.beans.TypeConverterSupport::convertIfNecessary (58 bytes)
Event: 14759.619 Thread 0x000001ef883d7f30 nmethod 13917 0x000001eff4acda10 code [0x000001eff4acdba0, 0x000001eff4acdce8]
Event: 14759.619 Thread 0x000001ef883d7f30 13918   !   4       org.apache.catalina.connector.CoyoteAdapter::service (908 bytes)
Event: 14759.690 Thread 0x000001ef883d7f30 nmethod 13918 0x000001eff4acde10 code [0x000001eff4ace3a0, 0x000001eff4ad1328]
Event: 14759.691 Thread 0x000001ef883d7f30 13919       4       org.apache.tomcat.util.buf.ByteChunk::append (211 bytes)
Event: 14759.692 Thread 0x000001ef883d7f30 nmethod 13919 0x000001eff4ad4510 code [0x000001eff4ad46a0, 0x000001eff4ad4938]
Event: 14759.694 Thread 0x000001ef883d7f30 13920       4       org.springframework.web.servlet.mvc.method.RequestMappingInfoHandlerMapping::handleMatch (89 bytes)
Event: 14759.717 Thread 0x000001ef883d7f30 nmethod 13920 0x000001eff4ad4b90 code [0x000001eff4ad4e60, 0x000001eff4ad5f28]
Event: 14759.717 Thread 0x000001ef883d7f30 13921   !   4       org.springframework.web.servlet.FrameworkServlet::processRequest (190 bytes)

GC Heap History (20 events):
Event: 384.310 GC heap before
{Heap before GC invocations=26 (full 0):
 garbage-first heap   total 266240K, used 201633K [0x0000000704a00000, 0x0000000800000000)
  region size 2048K, 57 young (116736K), 1 survivors (2048K)
 Metaspace       used 69765K, committed 70592K, reserved 1114112K
  class space    used 8965K, committed 9344K, reserved 1048576K
}
Event: 384.311 GC heap after
{Heap after GC invocations=27 (full 0):
 garbage-first heap   total 266240K, used 85685K [0x0000000704a00000, 0x0000000800000000)
  region size 2048K, 2 young (4096K), 2 survivors (4096K)
 Metaspace       used 69765K, committed 70592K, reserved 1114112K
  class space    used 8965K, committed 9344K, reserved 1048576K
}
Event: 392.515 GC heap before
{Heap before GC invocations=27 (full 0):
 garbage-first heap   total 266240K, used 224949K [0x0000000704a00000, 0x0000000800000000)
  region size 2048K, 67 young (137216K), 2 survivors (4096K)
 Metaspace       used 69805K, committed 70592K, reserved 1114112K
  class space    used 8965K, committed 9344K, reserved 1048576K
}
Event: 392.516 GC heap after
{Heap after GC invocations=28 (full 0):
 garbage-first heap   total 266240K, used 87035K [0x0000000704a00000, 0x0000000800000000)
  region size 2048K, 1 young (2048K), 1 survivors (2048K)
 Metaspace       used 69805K, committed 70592K, reserved 1114112K
  class space    used 8965K, committed 9344K, reserved 1048576K
}
Event: 407.328 GC heap before
{Heap before GC invocations=28 (full 0):
 garbage-first heap   total 266240K, used 226299K [0x0000000704a00000, 0x0000000800000000)
  region size 2048K, 67 young (137216K), 1 survivors (2048K)
 Metaspace       used 70019K, committed 70848K, reserved 1114112K
  class space    used 8965K, committed 9344K, reserved 1048576K
}
Event: 407.329 GC heap after
{Heap after GC invocations=29 (full 0):
 garbage-first heap   total 266240K, used 87080K [0x0000000704a00000, 0x0000000800000000)
  region size 2048K, 1 young (2048K), 1 survivors (2048K)
 Metaspace       used 70019K, committed 70848K, reserved 1114112K
  class space    used 8965K, committed 9344K, reserved 1048576K
}
Event: 8551.953 GC heap before
{Heap before GC invocations=29 (full 0):
 garbage-first heap   total 266240K, used 232488K [0x0000000704a00000, 0x0000000800000000)
  region size 2048K, 68 young (139264K), 1 survivors (2048K)
 Metaspace       used 70585K, committed 71424K, reserved 1114112K
  class space    used 8969K, committed 9344K, reserved 1048576K
}
Event: 8551.956 GC heap after
{Heap after GC invocations=30 (full 0):
 garbage-first heap   total 266240K, used 95274K [0x0000000704a00000, 0x0000000800000000)
  region size 2048K, 2 young (4096K), 2 survivors (4096K)
 Metaspace       used 70585K, committed 71424K, reserved 1114112K
  class space    used 8969K, committed 9344K, reserved 1048576K
}
Event: 8552.096 GC heap before
{Heap before GC invocations=30 (full 0):
 garbage-first heap   total 266240K, used 224298K [0x0000000704a00000, 0x0000000800000000)
  region size 2048K, 65 young (133120K), 2 survivors (4096K)
 Metaspace       used 70590K, committed 71424K, reserved 1114112K
  class space    used 8969K, committed 9344K, reserved 1048576K
}
Event: 8552.097 GC heap after
{Heap after GC invocations=31 (full 0):
 garbage-first heap   total 266240K, used 86755K [0x0000000704a00000, 0x0000000800000000)
  region size 2048K, 3 young (6144K), 3 survivors (6144K)
 Metaspace       used 70590K, committed 71424K, reserved 1114112K
  class space    used 8969K, committed 9344K, reserved 1048576K
}
Event: 14749.544 GC heap before
{Heap before GC invocations=31 (full 0):
 garbage-first heap   total 266240K, used 164579K [0x0000000704a00000, 0x0000000800000000)
  region size 2048K, 43 young (88064K), 3 survivors (6144K)
 Metaspace       used 74763K, committed 75648K, reserved 1179648K
  class space    used 9290K, committed 9728K, reserved 1048576K
}
Event: 14749.554 GC heap after
{Heap after GC invocations=32 (full 0):
 garbage-first heap   total 266240K, used 87363K [0x0000000704a00000, 0x0000000800000000)
  region size 2048K, 3 young (6144K), 3 survivors (6144K)
 Metaspace       used 74763K, committed 75648K, reserved 1179648K
  class space    used 9290K, committed 9728K, reserved 1048576K
}
Event: 14749.580 GC heap before
{Heap before GC invocations=32 (full 0):
 garbage-first heap   total 266240K, used 109891K [0x0000000704a00000, 0x0000000800000000)
  region size 2048K, 5 young (10240K), 3 survivors (6144K)
 Metaspace       used 74766K, committed 75648K, reserved 1179648K
  class space    used 9290K, committed 9728K, reserved 1048576K
}
Event: 14749.585 GC heap after
{Heap after GC invocations=33 (full 0):
 garbage-first heap   total 266240K, used 107979K [0x0000000704a00000, 0x0000000800000000)
  region size 2048K, 2 young (4096K), 2 survivors (4096K)
 Metaspace       used 74766K, committed 75648K, reserved 1179648K
  class space    used 9290K, committed 9728K, reserved 1048576K
}
Event: 14754.252 GC heap before
{Heap before GC invocations=34 (full 0):
 garbage-first heap   total 305152K, used 288203K [0x0000000704a00000, 0x0000000800000000)
  region size 2048K, 58 young (118784K), 2 survivors (4096K)
 Metaspace       used 74995K, committed 75968K, reserved 1179648K
  class space    used 9183K, committed 9728K, reserved 1048576K
}
Event: 14754.258 GC heap after
{Heap after GC invocations=35 (full 0):
 garbage-first heap   total 305152K, used 175930K [0x0000000704a00000, 0x0000000800000000)
  region size 2048K, 2 young (4096K), 2 survivors (4096K)
 Metaspace       used 74995K, committed 75968K, reserved 1179648K
  class space    used 9183K, committed 9728K, reserved 1048576K
}
Event: 14754.704 GC heap before
{Heap before GC invocations=35 (full 0):
 garbage-first heap   total 305152K, used 186170K [0x0000000704a00000, 0x0000000800000000)
  region size 2048K, 7 young (14336K), 2 survivors (4096K)
 Metaspace       used 74997K, committed 75968K, reserved 1179648K
  class space    used 9184K, committed 9728K, reserved 1048576K
}
Event: 14754.711 GC heap after
{Heap after GC invocations=36 (full 0):
 garbage-first heap   total 305152K, used 172764K [0x0000000704a00000, 0x0000000800000000)
  region size 2048K, 1 young (2048K), 1 survivors (2048K)
 Metaspace       used 74997K, committed 75968K, reserved 1179648K
  class space    used 9184K, committed 9728K, reserved 1048576K
}
Event: 14757.822 GC heap before
{Heap before GC invocations=36 (full 0):
 garbage-first heap   total 305152K, used 264924K [0x0000000704a00000, 0x0000000800000000)
  region size 2048K, 46 young (94208K), 1 survivors (2048K)
 Metaspace       used 74998K, committed 75968K, reserved 1179648K
  class space    used 9185K, committed 9728K, reserved 1048576K
}
Event: 14757.823 GC heap after
{Heap after GC invocations=37 (full 0):
 garbage-first heap   total 305152K, used 172524K [0x0000000704a00000, 0x0000000800000000)
  region size 2048K, 1 young (2048K), 1 survivors (2048K)
 Metaspace       used 74998K, committed 75968K, reserved 1179648K
  class space    used 9185K, committed 9728K, reserved 1048576K
}

Dll operation events (16 events):
Event: 0.004 Loaded shared library D:\Same Program\java\bin\java.dll
Event: 0.012 Loaded shared library D:\Same Program\java\bin\jsvml.dll
Event: 0.075 Loaded shared library D:\Same Program\java\bin\zip.dll
Event: 0.076 Loaded shared library D:\Same Program\java\bin\instrument.dll
Event: 0.079 Loaded shared library D:\Same Program\java\bin\net.dll
Event: 0.080 Loaded shared library D:\Same Program\java\bin\nio.dll
Event: 0.083 Loaded shared library D:\Same Program\java\bin\zip.dll
Event: 0.134 Loaded shared library D:\Same Program\Idea java\IntelliJ IDEA Community Edition 2022.3.2\bin\breakgen64.dll
Event: 0.139 Loaded shared library D:\Same Program\java\bin\extnet.dll
Event: 0.157 Loaded shared library D:\Same Program\java\bin\jimage.dll
Event: 0.553 Loaded shared library D:\Same Program\java\bin\verify.dll
Event: 2.506 Loaded shared library D:\Same Program\java\bin\sunmscapi.dll
Event: 2.534 Loaded shared library D:\Same Program\java\bin\management.dll
Event: 2.537 Loaded shared library D:\Same Program\java\bin\management_ext.dll
Event: 256.409 Loaded shared library D:\Same Program\java\bin\awt.dll
Event: 256.418 Loaded shared library D:\Same Program\java\bin\javajpeg.dll

Deoptimization events (20 events):
Event: 14753.542 Thread 0x000001ef9174e5c0 DEOPT PACKING pc=0x000001eff48fddec sp=0x000000eb788fe840
Event: 14753.542 Thread 0x000001ef9174e5c0 DEOPT UNPACKING pc=0x000001eff3a2a5a3 sp=0x000000eb788fe7a8 mode 2
Event: 14755.092 Thread 0x000001ef8dea68c0 DEOPT PACKING pc=0x000001efed6245a4 sp=0x000000eb78cfef40
Event: 14755.092 Thread 0x000001ef8dea68c0 DEOPT UNPACKING pc=0x000001eff3a2b0e3 sp=0x000000eb78cfe3b8 mode 0
Event: 14756.631 Thread 0x000001ef9174eb10 Uncommon trap: trap_request=0xffffffbe fr.pc=0x000001eff4a767b0 relative=0x0000000000000610
Event: 14756.631 Thread 0x000001ef9174eb10 Uncommon trap: reason=profile_predicate action=maybe_recompile pc=0x000001eff4a767b0 method=org.springframework.util.AntPathMatcher.skipSeparator(Ljava/lang/String;ILjava/lang/String;)I @ 12 c2
Event: 14756.631 Thread 0x000001ef9174eb10 DEOPT PACKING pc=0x000001eff4a767b0 sp=0x000000eb78afd9d0
Event: 14756.631 Thread 0x000001ef9174eb10 DEOPT UNPACKING pc=0x000001eff3a2a5a3 sp=0x000000eb78afd968 mode 2
Event: 14756.633 Thread 0x000001ef9174c090 Uncommon trap: trap_request=0xffffffbe fr.pc=0x000001eff4a767b0 relative=0x0000000000000610
Event: 14756.633 Thread 0x000001ef9174c090 Uncommon trap: reason=profile_predicate action=maybe_recompile pc=0x000001eff4a767b0 method=org.springframework.util.AntPathMatcher.skipSeparator(Ljava/lang/String;ILjava/lang/String;)I @ 12 c2
Event: 14756.633 Thread 0x000001ef9174c090 DEOPT PACKING pc=0x000001eff4a767b0 sp=0x000000eb78bfd3a0
Event: 14756.633 Thread 0x000001ef9174c090 DEOPT UNPACKING pc=0x000001eff3a2a5a3 sp=0x000000eb78bfd338 mode 2
Event: 14756.635 Thread 0x000001ef9174e070 Uncommon trap: trap_request=0xffffffbe fr.pc=0x000001eff4a767b0 relative=0x0000000000000610
Event: 14756.635 Thread 0x000001ef9174e070 Uncommon trap: reason=profile_predicate action=maybe_recompile pc=0x000001eff4a767b0 method=org.springframework.util.AntPathMatcher.skipSeparator(Ljava/lang/String;ILjava/lang/String;)I @ 12 c2
Event: 14756.635 Thread 0x000001ef9174e070 DEOPT PACKING pc=0x000001eff4a767b0 sp=0x000000eb785fd710
Event: 14756.635 Thread 0x000001ef9174e070 DEOPT UNPACKING pc=0x000001eff3a2a5a3 sp=0x000000eb785fd6a8 mode 2
Event: 14756.637 Thread 0x000001ef8dea68c0 Uncommon trap: trap_request=0xffffffbe fr.pc=0x000001eff4a767b0 relative=0x0000000000000610
Event: 14756.637 Thread 0x000001ef8dea68c0 Uncommon trap: reason=profile_predicate action=maybe_recompile pc=0x000001eff4a767b0 method=org.springframework.util.AntPathMatcher.skipSeparator(Ljava/lang/String;ILjava/lang/String;)I @ 12 c2
Event: 14756.637 Thread 0x000001ef8dea68c0 DEOPT PACKING pc=0x000001eff4a767b0 sp=0x000000eb78cfdaf0
Event: 14756.637 Thread 0x000001ef8dea68c0 DEOPT UNPACKING pc=0x000001eff3a2a5a3 sp=0x000000eb78cfda88 mode 2

Classes loaded (20 events):
Event: 14445.152 Loading class java/text/CharacterIterator
Event: 14445.152 Loading class java/text/CharacterIterator done
Event: 14445.152 Loading class java/text/StringCharacterIterator
Event: 14445.153 Loading class java/text/StringCharacterIterator done
Event: 14445.197 Loading class java/util/concurrent/ConcurrentHashMap$KeySpliterator
Event: 14445.198 Loading class java/util/concurrent/ConcurrentHashMap$KeySpliterator done
Event: 14445.201 Loading class java/lang/package-info
Event: 14445.201 Loading class java/lang/package-info done
Event: 14445.250 Loading class java/util/package-info
Event: 14445.250 Loading class java/util/package-info done
Event: 14445.266 Loading class java/util/stream/ReduceOps$4
Event: 14445.267 Loading class java/util/stream/ReduceOps$4 done
Event: 14445.267 Loading class java/util/stream/ReduceOps$4ReducingSink
Event: 14445.268 Loading class java/util/stream/ReduceOps$4ReducingSink done
Event: 14660.322 Loading class java/io/PrintWriter$1
Event: 14660.323 Loading class jdk/internal/access/JavaIOPrintWriterAccess
Event: 14660.323 Loading class jdk/internal/access/JavaIOPrintWriterAccess done
Event: 14660.323 Loading class java/io/PrintWriter$1 done
Event: 14750.609 Loading class sun/util/locale/LocaleExtensions
Event: 14750.610 Loading class sun/util/locale/LocaleExtensions done

Classes unloaded (20 events):
Event: 14749.630 Thread 0x000001ef883b3a40 Unloading class 0x0000000801104800 'java/lang/invoke/LambdaForm$MH+0x0000000801104800'
Event: 14749.630 Thread 0x000001ef883b3a40 Unloading class 0x0000000801104400 'java/lang/invoke/LambdaForm$MH+0x0000000801104400'
Event: 14749.630 Thread 0x000001ef883b3a40 Unloading class 0x0000000801104000 'java/lang/invoke/LambdaForm$MH+0x0000000801104000'
Event: 14749.630 Thread 0x000001ef883b3a40 Unloading class 0x00000008010b8c00 'java/lang/invoke/LambdaForm$MH+0x00000008010b8c00'
Event: 14749.630 Thread 0x000001ef883b3a40 Unloading class 0x00000008010a8000 'java/lang/invoke/LambdaForm$MH+0x00000008010a8000'
Event: 14749.630 Thread 0x000001ef883b3a40 Unloading class 0x0000000801022800 'java/lang/invoke/LambdaForm$MH+0x0000000801022800'
Event: 14749.630 Thread 0x000001ef883b3a40 Unloading class 0x0000000801021c00 'java/lang/invoke/LambdaForm$MH+0x0000000801021c00'
Event: 14749.630 Thread 0x000001ef883b3a40 Unloading class 0x0000000801021800 'java/lang/invoke/LambdaForm$MH+0x0000000801021800'
Event: 14749.630 Thread 0x000001ef883b3a40 Unloading class 0x0000000801021400 'java/lang/invoke/LambdaForm$MH+0x0000000801021400'
Event: 14749.630 Thread 0x000001ef883b3a40 Unloading class 0x0000000801020c00 'java/lang/invoke/LambdaForm$MH+0x0000000801020c00'
Event: 14749.630 Thread 0x000001ef883b3a40 Unloading class 0x0000000801020000 'java/lang/invoke/LambdaForm$MH+0x0000000801020000'
Event: 14749.630 Thread 0x000001ef883b3a40 Unloading class 0x0000000801015c00 'java/lang/invoke/LambdaForm$MH+0x0000000801015c00'
Event: 14749.630 Thread 0x000001ef883b3a40 Unloading class 0x0000000801015400 'java/lang/invoke/LambdaForm$MH+0x0000000801015400'
Event: 14749.630 Thread 0x000001ef883b3a40 Unloading class 0x0000000801014c00 'java/lang/invoke/LambdaForm$MH+0x0000000801014c00'
Event: 14749.630 Thread 0x000001ef883b3a40 Unloading class 0x0000000801014400 'java/lang/invoke/LambdaForm$MH+0x0000000801014400'
Event: 14749.630 Thread 0x000001ef883b3a40 Unloading class 0x0000000801014000 'java/lang/invoke/LambdaForm$MH+0x0000000801014000'
Event: 14749.630 Thread 0x000001ef883b3a40 Unloading class 0x0000000801002400 'java/lang/invoke/LambdaForm$MH+0x0000000801002400'
Event: 14749.630 Thread 0x000001ef883b3a40 Unloading class 0x0000000801002000 'java/lang/invoke/LambdaForm$MH+0x0000000801002000'
Event: 14749.630 Thread 0x000001ef883b3a40 Unloading class 0x0000000801001c00 'java/lang/invoke/LambdaForm$MH+0x0000000801001c00'
Event: 14749.630 Thread 0x000001ef883b3a40 Unloading class 0x0000000801001400 'java/lang/invoke/LambdaForm$MH+0x0000000801001400'

Classes redefined (0 events):
No events

Internal exceptions (20 events):
Event: 14626.316 Thread 0x000001ef9174b5f0 Exception <a 'sun/nio/fs/WindowsException'{0x0000000711137688}> (0x0000000711137688) 
thrown [s\open\src\hotspot\share\prims\jni.cpp, line 517]
Event: 14628.960 Thread 0x000001ef9174e070 Exception <a 'sun/nio/fs/WindowsException'{0x0000000710a706f8}> (0x0000000710a706f8) 
thrown [s\open\src\hotspot\share\prims\jni.cpp, line 517]
Event: 14652.064 Thread 0x000001ef9174e5c0 Exception <a 'sun/nio/fs/WindowsException'{0x0000000710d4ab78}> (0x0000000710d4ab78) 
thrown [s\open\src\hotspot\share\prims\jni.cpp, line 517]
Event: 14671.268 Thread 0x000001ef8dea68c0 Exception <a 'sun/nio/fs/WindowsException'{0x00000007108ec4a8}> (0x00000007108ec4a8) 
thrown [s\open\src\hotspot\share\prims\jni.cpp, line 517]
Event: 14677.531 Thread 0x000001ef9174d080 Exception <a 'sun/nio/fs/WindowsException'{0x000000071085ef60}> (0x000000071085ef60) 
thrown [s\open\src\hotspot\share\prims\jni.cpp, line 517]
Event: 14678.192 Thread 0x000001ef9174e5c0 Exception <a 'sun/nio/fs/WindowsException'{0x0000000710d8b4d0}> (0x0000000710d8b4d0) 
thrown [s\open\src\hotspot\share\prims\jni.cpp, line 517]
Event: 14687.631 Thread 0x000001ef9174eb10 Exception <a 'sun/nio/fs/WindowsException'{0x00000007109a4928}> (0x00000007109a4928) 
thrown [s\open\src\hotspot\share\prims\jni.cpp, line 517]
Event: 14692.803 Thread 0x000001ef9174db20 Exception <a 'sun/nio/fs/WindowsException'{0x0000000710bf96a8}> (0x0000000710bf96a8) 
thrown [s\open\src\hotspot\share\prims\jni.cpp, line 517]
Event: 14700.139 Thread 0x000001ef9174d080 Exception <a 'sun/nio/fs/WindowsException'{0x000000071096a5c0}> (0x000000071096a5c0) 
thrown [s\open\src\hotspot\share\prims\jni.cpp, line 517]
Event: 14720.312 Thread 0x000001ef9174d5d0 Exception <a 'sun/nio/fs/WindowsException'{0x00000007106a52e0}> (0x00000007106a52e0) 
thrown [s\open\src\hotspot\share\prims\jni.cpp, line 517]
Event: 14722.723 Thread 0x000001ef9174db20 Exception <a 'sun/nio/fs/WindowsException'{0x00000007106239d8}> (0x00000007106239d8) 
thrown [s\open\src\hotspot\share\prims\jni.cpp, line 517]
Event: 14728.316 Thread 0x000001ef9174d080 Exception <a 'sun/nio/fs/WindowsException'{0x00000007107fd5a8}> (0x00000007107fd5a8) 
thrown [s\open\src\hotspot\share\prims\jni.cpp, line 517]
Event: 14731.561 Thread 0x000001ef9174eb10 Exception <a 'sun/nio/fs/WindowsException'{0x00000007105b2828}> (0x00000007105b2828) 
thrown [s\open\src\hotspot\share\prims\jni.cpp, line 517]
Event: 14734.722 Thread 0x000001ef9174db20 Exception <a 'sun/nio/fs/WindowsException'{0x00000007107cb938}> (0x00000007107cb938) 
thrown [s\open\src\hotspot\share\prims\jni.cpp, line 517]
Event: 14742.306 Thread 0x000001ef9174e070 Exception <a 'sun/nio/fs/WindowsException'{0x00000007104620e0}> (0x00000007104620e0) 
thrown [s\open\src\hotspot\share\prims\jni.cpp, line 517]
Event: 14749.586 Thread 0x000001ef9174c090 Implicit null exception at 0x000001eff4404fd9 to 0x000001eff4405060
Event: 14752.008 Thread 0x000001ef9174e5c0 Implicit null exception at 0x000001eff467eac3 to 0x000001eff467ee48
Event: 14752.083 Thread 0x000001ef9174e5c0 Implicit null exception at 0x000001eff46133d0 to 0x000001eff46137d0
Event: 14752.310 Thread 0x000001ef9174d080 Implicit null exception at 0x000001eff43b9f31 to 0x000001eff43c0494
Event: 14759.790 Thread 0x000001ef9174c090 Exception <a 'java/net/SocketException'{0x0000000712bff088}: Connection reset by peer: shutdown> (0x0000000712bff088) 
thrown [s\open\src\hotspot\share\prims\jni.cpp, line 536]

VM Operations (20 events):
Event: 14752.777 Executing VM operation: ICBufferFull
Event: 14752.777 Executing VM operation: ICBufferFull done
Event: 14753.778 Executing VM operation: Cleanup
Event: 14753.778 Executing VM operation: Cleanup done
Event: 14754.211 Executing VM operation: HandshakeAllThreads
Event: 14754.211 Executing VM operation: HandshakeAllThreads done
Event: 14754.251 Executing VM operation: G1CollectForAllocation
Event: 14754.258 Executing VM operation: G1CollectForAllocation done
Event: 14754.704 Executing VM operation: G1CollectForAllocation
Event: 14754.711 Executing VM operation: G1CollectForAllocation done
Event: 14755.723 Executing VM operation: Cleanup
Event: 14755.723 Executing VM operation: Cleanup done
Event: 14756.730 Executing VM operation: Cleanup
Event: 14756.730 Executing VM operation: Cleanup done
Event: 14757.736 Executing VM operation: Cleanup
Event: 14757.736 Executing VM operation: Cleanup done
Event: 14757.822 Executing VM operation: G1CollectForAllocation
Event: 14757.823 Executing VM operation: G1CollectForAllocation done
Event: 14758.823 Executing VM operation: Cleanup
Event: 14758.823 Executing VM operation: Cleanup done

Events (20 events):
Event: 14754.224 Thread 0x000001ef883fa200 flushing nmethod 0x000001efed32a010
Event: 14754.224 Thread 0x000001ef883fa200 flushing nmethod 0x000001efed32a590
Event: 14754.224 Thread 0x000001ef883fa200 flushing nmethod 0x000001efed32c210
Event: 14754.224 Thread 0x000001ef883fa200 flushing nmethod 0x000001efed33c010
Event: 14754.224 Thread 0x000001ef883fa200 flushing nmethod 0x000001efed340b90
Event: 14754.224 Thread 0x000001ef883fa200 flushing nmethod 0x000001efed347690
Event: 14754.224 Thread 0x000001ef883fa200 flushing nmethod 0x000001efed349410
Event: 14754.225 Thread 0x000001ef883fa200 flushing nmethod 0x000001efed444e90
Event: 14754.225 Thread 0x000001ef883fa200 flushing nmethod 0x000001efed475810
Event: 14754.226 Thread 0x000001ef883fa200 flushing nmethod 0x000001efed606290
Event: 14754.227 Thread 0x000001ef883fa200 flushing nmethod 0x000001efed6c8f10
Event: 14754.730 Thread 0x000001ef91a66b50 Thread exited: 0x000001ef91a66b50
Event: 14755.904 Thread 0x000001ef91a649f0 Thread exited: 0x000001ef91a649f0
Event: 14756.057 Thread 0x000001ef8da736b0 Thread exited: 0x000001ef8da736b0
Event: 14756.383 Thread 0x000001ef91a68190 Thread added: 0x000001ef91a68190
Event: 14756.383 Thread 0x000001ef91a64460 Thread added: 0x000001ef91a64460
Event: 14756.541 Thread 0x000001ef91a64460 Thread exited: 0x000001ef91a64460
Event: 14756.727 Thread 0x000001ef91a6a2f0 Thread added: 0x000001ef91a6a2f0
Event: 14757.242 Thread 0x000001ef91a6a2f0 Thread exited: 0x000001ef91a6a2f0
Event: 14757.345 Thread 0x000001ef91a68190 Thread exited: 0x000001ef91a68190


Dynamic libraries:
0x00007ff67f1d0000 - 0x00007ff67f1e0000 	D:\Same Program\java\bin\java.exe
0x00007ffa5f130000 - 0x00007ffa5f328000 	C:\Windows\SYSTEM32\ntdll.dll
0x00007ffa5da70000 - 0x00007ffa5db2f000 	C:\Windows\System32\KERNEL32.DLL
0x00007ffa5cbe0000 - 0x00007ffa5ceb2000 	C:\Windows\System32\KERNELBASE.dll
0x00007ffa5cec0000 - 0x00007ffa5cfc0000 	C:\Windows\System32\ucrtbase.dll
0x00007ffa56a30000 - 0x00007ffa56a4b000 	D:\Same Program\java\bin\VCRUNTIME140.dll
0x00007ffa56a50000 - 0x00007ffa56a68000 	D:\Same Program\java\bin\jli.dll
0x00007ffa5e760000 - 0x00007ffa5e80e000 	C:\Windows\System32\ADVAPI32.dll
0x00007ffa5eb70000 - 0x00007ffa5ec0e000 	C:\Windows\System32\msvcrt.dll
0x00007ffa5d290000 - 0x00007ffa5d32c000 	C:\Windows\System32\sechost.dll
0x00007ffa5efc0000 - 0x00007ffa5f0e5000 	C:\Windows\System32\RPCRT4.dll
0x00007ffa5ec10000 - 0x00007ffa5edb1000 	C:\Windows\System32\USER32.dll
0x00007ffa5d140000 - 0x00007ffa5d162000 	C:\Windows\System32\win32u.dll
0x00007ffa42610000 - 0x00007ffa428aa000 	C:\Windows\WinSxS\amd64_microsoft.windows.common-controls_6595b64144ccf1df_6.0.19041.1110_none_60b5254171f9507e\COMCTL32.dll
0x00007ffa5db40000 - 0x00007ffa5db6b000 	C:\Windows\System32\GDI32.dll
0x00007ffa5d030000 - 0x00007ffa5d13f000 	C:\Windows\System32\gdi32full.dll
0x00007ffa5c820000 - 0x00007ffa5c8bd000 	C:\Windows\System32\msvcp_win.dll
0x00007ffa54d40000 - 0x00007ffa54d4a000 	C:\Windows\SYSTEM32\VERSION.dll
0x00007ffa5ef70000 - 0x00007ffa5efa2000 	C:\Windows\System32\IMM32.DLL
0x00007ffa57110000 - 0x00007ffa5711c000 	D:\Same Program\java\bin\vcruntime140_1.dll
0x00007ffa4b810000 - 0x00007ffa4b89e000 	D:\Same Program\java\bin\msvcp140.dll
0x00007ff9f4a90000 - 0x00007ff9f5750000 	D:\Same Program\java\bin\server\jvm.dll
0x00007ffa46950000 - 0x00007ffa46959000 	C:\Windows\SYSTEM32\WSOCK32.dll
0x00007ffa45de0000 - 0x00007ffa45e07000 	C:\Windows\SYSTEM32\WINMM.dll
0x00007ffa5de00000 - 0x00007ffa5de6b000 	C:\Windows\System32\WS2_32.dll
0x00007ffa5b070000 - 0x00007ffa5b082000 	C:\Windows\SYSTEM32\kernel.appcore.dll
0x00007ffa570c0000 - 0x00007ffa570ca000 	D:\Same Program\java\bin\jimage.dll
0x00007ffa5a5f0000 - 0x00007ffa5a7d4000 	C:\Windows\SYSTEM32\DBGHELP.DLL
0x00007ffa41870000 - 0x00007ffa418a5000 	C:\Windows\SYSTEM32\dbgcore.DLL
0x00007ffa5ca20000 - 0x00007ffa5caa2000 	C:\Windows\System32\bcryptPrimitives.dll
0x00007ffa56af0000 - 0x00007ffa56afe000 	D:\Same Program\java\bin\instrument.dll
0x00007ffa4df30000 - 0x00007ffa4df56000 	D:\Same Program\java\bin\java.dll
0x00007ffa1dfa0000 - 0x00007ffa1e077000 	D:\Same Program\java\bin\jsvml.dll
0x00007ffa5e000000 - 0x00007ffa5e745000 	C:\Windows\System32\SHELL32.dll
0x00007ffa5a7e0000 - 0x00007ffa5af72000 	C:\Windows\SYSTEM32\windows.storage.dll
0x00007ffa5e810000 - 0x00007ffa5eb65000 	C:\Windows\System32\combase.dll
0x00007ffa5c280000 - 0x00007ffa5c2b0000 	C:\Windows\SYSTEM32\Wldp.dll
0x00007ffa5d960000 - 0x00007ffa5da0d000 	C:\Windows\System32\SHCORE.dll
0x00007ffa5da10000 - 0x00007ffa5da65000 	C:\Windows\System32\shlwapi.dll
0x00007ffa5c760000 - 0x00007ffa5c77f000 	C:\Windows\SYSTEM32\profapi.dll
0x00007ffa4deb0000 - 0x00007ffa4dec8000 	D:\Same Program\java\bin\zip.dll
0x00007ffa502a0000 - 0x00007ffa502b3000 	D:\Same Program\java\bin\net.dll
0x00007ffa53830000 - 0x00007ffa5393c000 	C:\Windows\SYSTEM32\WINHTTP.dll
0x00007ffa5bfe0000 - 0x00007ffa5c04a000 	C:\Windows\system32\mswsock.dll
0x00007ffa4df10000 - 0x00007ffa4df26000 	D:\Same Program\java\bin\nio.dll
0x00007ffa4de90000 - 0x00007ffa4deaa000 	D:\Same Program\Idea java\IntelliJ IDEA Community Edition 2022.3.2\bin\breakgen64.dll
0x00007ffa4df00000 - 0x00007ffa4df08000 	D:\Same Program\java\bin\extnet.dll
0x00007ffa56a20000 - 0x00007ffa56a30000 	D:\Same Program\java\bin\verify.dll
0x00007ffa5c1d0000 - 0x00007ffa5c1e8000 	C:\Windows\SYSTEM32\CRYPTSP.dll
0x00007ffa5b890000 - 0x00007ffa5b8c4000 	C:\Windows\system32\rsaenh.dll
0x00007ffa5cbb0000 - 0x00007ffa5cbd7000 	C:\Windows\System32\bcrypt.dll
0x00007ffa5c720000 - 0x00007ffa5c74e000 	C:\Windows\SYSTEM32\USERENV.dll
0x00007ffa5c1f0000 - 0x00007ffa5c1fc000 	C:\Windows\SYSTEM32\CRYPTBASE.dll
0x00007ffa5bc80000 - 0x00007ffa5bcbb000 	C:\Windows\SYSTEM32\IPHLPAPI.DLL
0x00007ffa5efb0000 - 0x00007ffa5efb8000 	C:\Windows\System32\NSI.dll
0x00007ffa53cb0000 - 0x00007ffa53cc7000 	C:\Windows\SYSTEM32\dhcpcsvc6.DLL
0x00007ffa53c50000 - 0x00007ffa53c6d000 	C:\Windows\SYSTEM32\dhcpcsvc.DLL
0x00007ffa5bcc0000 - 0x00007ffa5bd8b000 	C:\Windows\SYSTEM32\DNSAPI.dll
0x00007ffa4dd00000 - 0x00007ffa4dd0e000 	D:\Same Program\java\bin\sunmscapi.dll
0x00007ffa5c8c0000 - 0x00007ffa5ca16000 	C:\Windows\System32\CRYPT32.dll
0x00007ffa5c2f0000 - 0x00007ffa5c317000 	C:\Windows\SYSTEM32\ncrypt.dll
0x00007ffa5c2b0000 - 0x00007ffa5c2eb000 	C:\Windows\SYSTEM32\NTASN1.dll
0x00007ffa4fe90000 - 0x00007ffa4fe9a000 	D:\Same Program\java\bin\management.dll
0x00007ffa4fd30000 - 0x00007ffa4fd3b000 	D:\Same Program\java\bin\management_ext.dll
0x00007ffa5e750000 - 0x00007ffa5e758000 	C:\Windows\System32\PSAPI.DLL
0x00007ffa53190000 - 0x00007ffa5319a000 	C:\Windows\System32\rasadhlp.dll
0x00007ffa52820000 - 0x00007ffa528a0000 	C:\Windows\System32\fwpuclnt.dll
0x00007ffa31970000 - 0x00007ffa31977000 	C:\Windows\system32\wshunix.dll
0x00007ff9feef0000 - 0x00007ff9ff081000 	D:\Same Program\java\bin\awt.dll
0x00007ffa5dd30000 - 0x00007ffa5ddfd000 	C:\Windows\System32\OLEAUT32.dll
0x00007ffa57170000 - 0x00007ffa57200000 	C:\Windows\SYSTEM32\apphelp.dll
0x00007ffa3b5e0000 - 0x00007ffa3b60e000 	D:\Same Program\java\bin\javajpeg.dll

dbghelp: loaded successfully - version: 4.0.5 - missing functions: none
symbol engine: initialized successfully - sym options: 0x614 - pdb path: .;D:\Same Program\java\bin;C:\Windows\SYSTEM32;C:\Windows\WinSxS\amd64_microsoft.windows.common-controls_6595b64144ccf1df_6.0.19041.1110_none_60b5254171f9507e;D:\Same Program\java\bin\server;D:\Same Program\Idea java\IntelliJ IDEA Community Edition 2022.3.2\bin

VM Arguments:
jvm_args: -javaagent:D:\Same Program\Idea java\IntelliJ IDEA Community Edition 2022.3.2\lib\idea_rt.jar=57732:D:\Same Program\Idea java\IntelliJ IDEA Community Edition 2022.3.2\bin -Dfile.encoding=UTF-8 -Dsun.stdout.encoding=UTF-8 -Dsun.stderr.encoding=UTF-8 
java_command: shop.Main
java_class_path (initial): D:\Same Program\Program\Java\web_shop\web_api\target\classes;C:\Users\\.m2\repository\org\springframework\boot\spring-boot-starter-web\3.0.2\spring-boot-starter-web-3.0.2.jar;C:\Users\\.m2\repository\org\springframework\boot\spring-boot-starter\3.0.2\spring-boot-starter-3.0.2.jar;C:\Users\\.m2\repository\org\springframework\boot\spring-boot\3.0.2\spring-boot-3.0.2.jar;C:\Users\\.m2\repository\org\springframework\boot\spring-boot-autoconfigure\3.0.2\spring-boot-autoconfigure-3.0.2.jar;C:\Users\\.m2\repository\org\springframework\boot\spring-boot-starter-logging\3.0.2\spring-boot-starter-logging-3.0.2.jar;C:\Users\\.m2\repository\ch\qos\logback\logback-classic\1.4.5\logback-classic-1.4.5.jar;C:\Users\\.m2\repository\ch\qos\logback\logback-core\1.4.5\logback-core-1.4.5.jar;C:\Users\\.m2\repository\org\apache\logging\log4j\log4j-to-slf4j\2.19.0\log4j-to-slf4j-2.19.0.jar;C:\Users\\.m2\repository\org\apache\logging\log4j\log4j-api\2.19.0\log4j-api-2.19.0.jar;C:\Users\\.m2\repository\org\slf4j\jul-to-slf4j\2.0.6\jul-to-slf4j-2.0.6.jar;C:\Users\\.m2\repository\jakarta\annotation\jakarta.annotation-api\2.1.1\jakarta.annotation-api-2.1.1.jar;C:\Users\\.m2\repository\org\yaml\snakeyaml\1.33\snakeyaml-1.33.jar;C:\Users\\.m2\repository\org\springframework\boot\spring-boot-starter-json\3.0.2\spring-boot-starter-json-3.0.2.jar;C:\Users\\.m2\repository\com\fasterxml\jackson\core\jackson-databind\2.14.1\jackson-databind-2.14.1.jar;C:\Users\\.m2\repository\com\fasterxml\jackson\core\jackson-annotations\2.14.1\jackson-annotations-2.14.1.jar;C:\Users\\.m2\repository\com\fasterxml\jackson\core\jackson-core\2.14.1\jackson-core-2.14.1.jar;C:\Users\\.m2\repository\com\fasterxml\jackson\datatype\jackson-datatype-jdk8\2.14.1\jackson-datatype-jdk8-2.14.1.jar;C:\Users\\.m2\repository\com\fasterxml\jackson\datatype\jackson-datatype-jsr310\2.14.1\jackson-datatype-jsr310-2.14.1.jar;C:\Users\\.m2\repository\com\fasterxml\jackson\module\jackson-module-parameter-names\2.14.1\jackson-module-parameter-names-2.14.1.jar;C:\Users\\.m2\repository\org\springframework\boot\spring-boot-starter-tomcat\3.0.2\spring-boot-starter-tomcat-3.0.2.jar;C:\Users\\.m2\repository\org\apache\tomcat\embed\tomcat-embed-core\10.1.5\tomcat-embed-core-10.1.5.jar;C:\Users\\.m2\repository\org\apache\tomcat\embed\tomcat-embed-websocket\10.1.5\tomcat-embed-websocket-10.1.5.jar;C:\Users\\.m2\repository\org\springframework\spring-web\6.0.4\spring-web-6.0.4.jar;C:\Users\\.m2\repository\org\springframework\spring-beans\6.0.4\spring-beans-6.0.4.jar;C:\Users\\.m2\repository\io\micrometer\micrometer-observation\1.10.3\micrometer-observation-1.10.3.jar;C:\Users\\.m2\repository\io\micrometer\micrometer-commons\1.10.3\micrometer-commons-1.10.3.jar;C:\Users\\.m2\repository\org\springframework\spring-webmvc\6.0.4\spring-webmvc-6.0.4.jar;C:\Users\\.m2\repository\org\springframework\spring-aop\6.0.4\spring-aop-6.0.4.jar;C:\Users\\.m2\repository\org\springframework\spring-context\6.0.4\spring-context-6.0.4.jar;C:\Users\\.m2\repository\org\springframework\spring-expression\6.0.4\spring-expression-6.0.4.jar;C:\Users\\.m2\repository\org\springframework\boot\spring-boot-starter-thymeleaf\3.0.2\spring-boot-starter-thymeleaf-3.0.2.jar;C:\Users\\.m2\repository\org\thymeleaf\thymeleaf-spring6\3.1.1.RELEASE\thymeleaf-spring6-3.1.1.RELEASE.jar;C:\Users\\.m2\repository\org\thymeleaf\thymeleaf\3.1.1.RELEASE\thymeleaf-3.1.1.RELEASE.jar;C:\Users\\.m2\repository\org\attoparser\attoparser\2.0.6.RELEASE\attoparser-2.0.6.RELEASE.jar;C:\Users\\.m2\repository\org\unbescape\unbescape\1.1.6.RELEASE\unbescape-1.1.6.RELEASE.jar;C:\Users\\.m2\repository\org\slf4j\slf4j-api\2.0.6\slf4j-api-2.0.6.jar;C:\Users\\.m2\repository\jakarta\xml\bind\jakarta.xml.bind-api\4.0.0\jakarta.xml.bind-api-4.0.0.jar;C:\Users\\.m2\repository\jakarta\activation\jakarta.activation-api\2.1.1\jakarta.activation-api-2.1.1.jar;C:\Users\\.m2\repository\net\bytebuddy\byte-buddy\1.12.22\byte-buddy-1.12.22.jar;C:\Users\\.m2\repository\org\springframework\spring-core\6.0.4\spring-core-6.0.4.jar;C:\Users\\.m2\repository\org\springframework\spring-jcl\6.0.4\spring-jcl-6.0.4.jar;C:\Users\\.m2\repository\org\mapstruct\mapstruct\1.5.3.Final\mapstruct-1.5.3.Final.jar;C:\Users\\.m2\repository\org\projectlombok\lombok-mapstruct-binding\0.2.0\lombok-mapstruct-binding-0.2.0.jar;C:\Users\\.m2\repository\org\springdoc\springdoc-openapi-starter-webmvc-ui\2.0.2\springdoc-openapi-starter-webmvc-ui-2.0.2.jar;C:\Users\\.m2\repository\org\springdoc\springdoc-openapi-starter-webmvc-api\2.0.2\springdoc-openapi-starter-webmvc-api-2.0.2.jar;C:\Users\\.m2\repository\org\springdoc\springdoc-openapi-starter-common\2.0.2\springdoc-openapi-starter-common-2.0.2.jar;C:\Users\\.m2\repository\io\swagger\core\v3\swagger-core-jakarta\2.2.7\swagger-core-jakarta-2.2.7.jar;C:\Users\\.m2\repository\org\apache\commons\commons-lang3\3.12.0\commons-lang3-3.12.0.jar;C:\Users\\.m2\repository\io\swagger\core\v3\swagger-annotations-jakarta\2.2.7\swagger-annotations-jakarta-2.2.7.jar;C:\Users\\.m2\repository\io\swagger\core\v3\swagger-models-jakarta\2.2.7\swagger-models-jakarta-2.2.7.jar;C:\Users\\.m2\repository\com\fasterxml\jackson\dataformat\jackson-dataformat-yaml\2.14.1\jackson-dataformat-yaml-2.14.1.jar;C:\Users\\.m2\repository\org\webjars\swagger-ui\4.15.5\swagger-ui-4.15.5.jar;C:\Users\\.m2\repository\org\webjars\webjars-locator-core\0.52\webjars-locator-core-0.52.jar;C:\Users\\.m2\repository\io\github\classgraph\classgraph\4.8.149\classgraph-4.8.149.jar;C:\Users\\.m2\repository\org\springdoc\springdoc-openapi-ui\1.6.14\springdoc-openapi-ui-1.6.14.jar;C:\Users\\.m2\repository\org\springdoc\springdoc-openapi-webmvc-core\1.6.14\springdoc-openapi-webmvc-core-1.6.14.jar;C:\Users\\.m2\repository\org\springdoc\springdoc-openapi-common\1.6.14\springdoc-openapi-common-1.6.14.jar;C:\Users\\.m2\repository\io\swagger\core\v3\swagger-core\2.2.7\swagger-core-2.2.7.jar;C:\Users\\.m2\repository\io\swagger\core\v3\swagger-annotations\2.2.7\swagger-annotations-2.2.7.jar;C:\Users\\.m2\repository\io\swagger\core\v3\swagger-models\2.2.7\swagger-models-2.2.7.jar;C:\Users\\.m2\repository\org\springframework\boot\spring-boot-starter-data-jpa\3.0.2\spring-boot-starter-data-jpa-3.0.2.jar;C:\Users\\.m2\repository\org\springframework\boot\spring-boot-starter-aop\3.0.2\spring-boot-starter-aop-3.0.2.jar;C:\Users\\.m2\repository\org\aspectj\aspectjweaver\1.9.19\aspectjweaver-1.9.19.jar;C:\Users\\.m2\repository\org\springframework\boot\spring-boot-starter-jdbc\3.0.2\spring-boot-starter-jdbc-3.0.2.jar;C:\Users\\.m2\repository\com\zaxxer\HikariCP\5.0.1\HikariCP-5.0.1.jar;C:\Users\\.m2\repository\org\springframework\spring-jdbc\6.0.4\spring-jdbc-6.0.4.jar;C:\Users\\.m2\repository\org\hibernate\orm\hibernate-core\6.1.6.Final\hibernate-core-6.1.6.Final.jar;C:\Users\\.m2\repository\jakarta\persistence\jakarta.persistence-api\3.1.0\jakarta.persistence-api-3.1.0.jar;C:\Users\\.m2\repository\jakarta\transaction\jakarta.transaction-api\2.0.1\jakarta.transaction-api-2.0.1.jar;C:\Users\\.m2\repository\org\jboss\logging\jboss-logging\3.5.0.Final\jboss-logging-3.5.0.Final.jar;C:\Users\\.m2\repository\org\hibernate\common\hibernate-commons-annotations\6.0.2.Final\hibernate-commons-annotations-6.0.2.Final.jar;C:\Users\\.m2\repository\org\jboss\jandex\2.4.2.Final\jandex-2.4.2.Final.jar;C:\Users\\.m2\repository\com\fasterxml\classmate\1.5.1\classmate-1.5.1.jar;C:\Users\\.m2\repository\org\glassfish\jaxb\jaxb-runtime\4.0.1\jaxb-runtime-4.0.1.jar;C:\Users\\.m2\repository\org\glassfish\jaxb\jaxb-core\4.0.1\jaxb-core-4.0.1.jar;C:\Users\\.m2\repository\org\eclipse\angus\angus-activation\1.0.0\angus-activation-1.0.0.jar;C:\Users\\.m2\repository\org\glassfish\jaxb\txw2\4.0.1\txw2-4.0.1.jar;C:\Users\\.m2\repository\com\sun\istack\istack-commons-runtime\4.1.1\istack-commons-runtime-4.1.1.jar;C:\Users\\.m2\repository\jakarta\inject\jakarta.inject-api\2.0.0\jakarta.inject-api-2.0.0.jar;C:\Users\\.m2\repository\org\antlr\antlr4-runtime\4.10.1\antlr4-runtime-4.10.1.jar;C:\Users\\.m2\repository\org\springframework\data\spring-data-jpa\3.0.1\spring-data-jpa-3.0.1.jar;C:\Users\\.m2\repository\org\springframework\data\spring-data-commons\3.0.1\spring-data-commons-3.0.1.jar;C:\Users\\.m2\repository\org\springframework\spring-orm\6.0.4\spring-orm-6.0.4.jar;C:\Users\\.m2\repository\org\springframework\spring-tx\6.0.4\spring-tx-6.0.4.jar;C:\Users\\.m2\repository\org\springframework\spring-aspects\6.0.4\spring-aspects-6.0.4.jar;C:\Users\\.m2\repository\org\postgresql\postgresql\42.5.3\postgresql-42.5.3.jar;C:\Users\\.m2\repository\org\checkerframework\checker-qual\3.5.0\checker-qual-3.5.0.jar;C:\Users\\.m2\repository\org\springframework\boot\spring-boot-starter-validation\3.0.2\spring-boot-starter-validation-3.0.2.jar;C:\Users\\.m2\repository\org\apache\tomcat\embed\tomcat-embed-el\10.1.5\tomcat-embed-el-10.1.5.jar;C:\Users\\.m2\repository\org\hibernate\validator\hibernate-validator\8.0.0.Final\hibernate-validator-8.0.0.Final.jar;C:\Users\\.m2\repository\jakarta\validation\jakarta.validation-api\3.0.2\jakarta.validation-api-3.0.2.jar
Launcher Type: SUN_STANDARD

[Global flags]
     intx CICompilerCount                          = 12                                        {product} {ergonomic}
     uint ConcGCThreads                            = 3                                         {product} {ergonomic}
     uint G1ConcRefinementThreads                  = 13                                        {product} {ergonomic}
   size_t G1HeapRegionSize                         = 2097152                                   {product} {ergonomic}
    uintx GCDrainStackTargetSize                   = 64                                        {product} {ergonomic}
   size_t InitialHeapSize                          = 264241152                                 {product} {ergonomic}
   size_t MarkStackSize                            = 4194304                                   {product} {ergonomic}
   size_t MaxHeapSize                              = 4217372672                                {product} {ergonomic}
   size_t MaxNewSize                               = 2529165312                                {product} {ergonomic}
   size_t MinHeapDeltaBytes                        = 2097152                                   {product} {ergonomic}
   size_t MinHeapSize                              = 8388608                                   {product} {ergonomic}
    uintx NonNMethodCodeHeapSize                   = 7602480                                {pd product} {ergonomic}
    uintx NonProfiledCodeHeapSize                  = 122027880                              {pd product} {ergonomic}
    uintx ProfiledCodeHeapSize                     = 122027880                              {pd product} {ergonomic}
    uintx ReservedCodeCacheSize                    = 251658240                              {pd product} {ergonomic}
     bool SegmentedCodeCache                       = true                                      {product} {ergonomic}
   size_t SoftMaxHeapSize                          = 4217372672                             {manageable} {ergonomic}
     bool UseCompressedClassPointers               = true                           {product lp64_product} {ergonomic}
     bool UseCompressedOops                        = true                           {product lp64_product} {ergonomic}
     bool UseG1GC                                  = true                                      {product} {ergonomic}
     bool UseLargePagesIndividualAllocation        = false                                  {pd product} {ergonomic}

Logging:
Log output configuration:
 #0: stdout all=warning uptime,level,tags foldmultilines=false
 #1: stderr all=off uptime,level,tags foldmultilines=false

Environment Variables:
PATH=C:\Program Files\Common Files\Oracle\Java\javapath;C:\Windows\system32;C:\Windows;C:\Windows\System32\Wbem;C:\Windows\System32\WindowsPowerShell\v1.0\;C:\Windows\System32\OpenSSH\;C:\Program Files (x86)\NVIDIA Corporation\PhysX\Common;D:\Same Program\Git\cmd;C:\Program Files\NVIDIA Corporation\NVIDIA NvDLISR;C:\Program Files\dotnet\;D:\Same Program\XAMPP\php;C:\ProgramData\ComposerSetup\bin;D:\Same Program\Node\;C:\Program Files\Microsoft SQL Server\Client SDK\ODBC\170\Tools\Binn\;C:\Program Files\Microsoft SQL Server\150\Tools\Binn\;D:\Same Program\Program\Java\maven-3.9.0\bin\;C:\Users\\AppData\Local\Microsoft\WindowsApps;;D:\Same Program\PhpStorm 2022.3\bin;;C:\Users\\AppData\Roaming\Composer\vendor\bin;C:\Users\\AppData\Roaming\npm;D:\Same Program\Visual Studio Code\Microsoft VS Code\bin;C:\Users\\.dotnet\tools;D:\Same Program\Idea java\IntelliJ IDEA Community Edition 2022.3.2\bin;
USERNAME=
OS=Windows_NT
PROCESSOR_IDENTIFIER=Intel64 Family 6 Model 141 Stepping 1, GenuineIntel
TMP=C:\Users\71B3~1\AppData\Local\Temp
TEMP=C:\Users\71B3~1\AppData\Local\Temp



---------------  S Y S T E M  ---------------

OS:
 Windows 10 , 64 bit Build 19041 (10.0.19041.2546)
OS uptime: 10 days 0:53 hours

CPU: total 16 (initial active 16) (8 cores per cpu, 2 threads per core) family 6 model 141 stepping 1 microcode 0x34, cx8, cmov, fxsr, ht, mmx, 3dnowpref, sse, sse2, sse3, ssse3, sse4.1, sse4.2, popcnt, lzcnt, tsc, tscinvbit, avx, avx2, aes, erms, clmul, bmi1, bmi2, adx, avx512f, avx512dq, avx512cd, avx512bw, avx512vl, sha, fma, vzeroupper, avx512_vpopcntdq, avx512_vpclmulqdq, avx512_vaes, avx512_vnni, clflush, clflushopt, clwb, avx512_vbmi2, avx512_vbmi, rdtscp, rdpid, fsrm, gfni, avx512_bitalg

Memory: 4k page, system-wide physical 16085M (3993M free)
TotalPageFile size 28803M (AvailPageFile size 5M)
current process WorkingSet (physical memory assigned to process): 463M, peak: 494M
current process commit charge ("private bytes"): 594M, peak: 628M

vm_info: Java HotSpot(TM) 64-Bit Server VM (19.0.2+7-44) for windows-amd64 JRE (19.0.2+7-44), built on 2022-11-30T18:02:09Z by "mach5one" with MS VC++ 17.1 (VS2022)

END.
